#
# A fatal error has been detected by the Java Runtime Environment:
#
#  SIGSEGV (0xb) at pc=0x0000000122d535dd, pid=6268, tid=1811
#
# JRE version: Java(TM) SE Runtime Environment (8.0_40-b27) (build 1.8.0_40-b27)
# Java VM: Java HotSpot(TM) 64-Bit Server VM (25.40-b25 mixed mode bsd-amd64 compressed oops)
# Problematic frame:
# C  [libglass.dylib+0x155dd]  GlassScreenDidChangeScreenParameters+0x9d
#
# Failed to write core dump. Core dumps have been disabled. To enable core dumping, try "ulimit -c unlimited" before starting Java again
#
# If you would like to submit a bug report, please visit:
#   http://bugreport.java.com/bugreport/crash.jsp
#

---------------  T H R E A D  ---------------

Current thread is native thread

siginfo: si_signo: 11 (SIGSEGV), si_code: 1 (SEGV_MAPERR), si_addr: 0x0000000000000000

Registers:
RAX=0x0000000122d85bc0, RBX=0x0000000000000000, RCX=0x010064b366c625c1, RDX=0x00007fef3a6a9630
RSP=0x00007fff58825f70, RBP=0x00007fff58825f80, RSI=0x00007fef3a40bb10, RDI=0x0000000000000000
R8 =0x00007fff58825e20, R9 =0x00007fff76d18300, R10=0x0000000000000000, R11=0x0000000000000246
R12=0x00007fef3a528f90, R13=0x00000000000f426b, R14=0x00007fef3a6501e0, R15=0x00007fff588260c0
RIP=0x0000000122d535dd, EFLAGS=0x0000000000010206, ERR=0x0000000000000004
  TRAPNO=0x000000000000000e

Top of Stack: (sp=0x00007fff58825f70)
0x00007fff58825f70:   00007fff58826150 00007fef3a6501e0
0x00007fff58825f80:   00007fff58825f90 00007fff8c33a45c
0x00007fff58825f90:   00007fff588262f0 00007fff8c22a634
0x00007fff58825fa0:   00007fff58825ff0 0000000000003200
0x00007fff58825fb0:   00007fff75d37ed0 00007fef3a763580
0x00007fff58825fc0:   0000000000001005 0000000000000900
0x00007fff58825fd0:   00007fef3a763580 00007fef3a6501e0
0x00007fff58825fe0:   0000000000000000 00007fff588260c0
0x00007fff58825ff0:   0000000000000000 00007fef3a64fdf0
0x00007fff58826000:   00007fff58826140 0000000000000060
0x00007fff58826010:   00000000000f4375 00007fef3ba1ee70
0x00007fff58826020:   00007fef3a633100 00007fef3a528f90
0x00007fff58826030:   0000000000000001 00000000000f426b
0x00007fff58826040:   00007fef3a528f80 00007fff93ae8acb
0x00007fff58826050:   0000000000000001 0000000000000001
0x00007fff58826060:   0000000000000030 0000000000000001
0x00007fff58826070:   00007fff58826090 00007fff93aee231
0x00007fff58826080:   00007fff75d35fb0 0000000000000000
0x00007fff58826090:   00007fff588260b0 0000000000000024
0x00007fff588260a0:   000c2d033ac1f200 00007fef3a528fb4
0x00007fff588260b0:   0000000000000000 00007fff8c22010f
0x00007fff588260c0:   00007fef3a6501e0 00007fff75d35fb0
0x00007fff588260d0:   00007fff58826150 0000000000000002
0x00007fff588260e0:   00007fff58826120 00007fff93ae853e
0x00007fff588260f0:   00000001073f5a00 0000000000000002
0x00007fff58826100:   00000001073f2000 00007fef3ba1ef22
0x00007fff58826110:   0000000000000003 00000001073f8c00
0x00007fff58826120:   00007fff58826210 00007fff93ae72a2
0x00007fff58826130:   00007fef3a632d80 00007fff588262f8
0x00007fff58826140:   0000000000000017 0000000000000000
0x00007fff58826150:   00000000000f426b 00007fff8c220403
0x00007fff58826160:   00007fff00000000 00007fef3a639000 

Instructions: (pc=0x0000000122d535dd)
0x0000000122d535bd:   89 df 4c 89 f1 41 ff 90 68 04 00 00 48 8d 05 f8
0x0000000122d535cd:   24 03 00 48 8b 30 48 8d 05 e6 25 03 00 48 8b 10
0x0000000122d535dd:   48 8b 0b 30 c0 48 89 df ff 91 68 04 00 00 48 8b
0x0000000122d535ed:   03 48 89 df ff 50 78 48 85 c0 74 36 49 89 c6 48 

Register to memory mapping:

RAX=0x0000000122d85bc0: jScreenNotifySettingsChanged+0 in /Library/Java/JavaVirtualMachines/jdk1.8.0_40.jdk/Contents/Home/jre/lib/libglass.dylib at 0x0000000122d3e000
RBX=0x0000000000000000 is an unknown value
RCX=0x010064b366c625c1 is an unknown value
RDX=0x00007fef3a6a9630 is an unknown value
RSP=0x00007fff58825f70 is an unknown value
RBP=0x00007fff58825f80 is an unknown value
RSI=0x00007fef3a40bb10 is a global jni handle
RDI=0x0000000000000000 is an unknown value
R8 =0x00007fff58825e20 is an unknown value
R9 =0x00007fff76d18300: _thread+0 in /usr/lib/system/libsystem_pthread.dylib at 0x00007fff92f57000
R10=0x0000000000000000 is an unknown value
R11=0x0000000000000246 is an unknown value
R12=0x00007fef3a528f90 is an unknown value
R13=0x00000000000f426b is an unknown value
R14=0x00007fef3a6501e0 is an unknown value
R15=0x00007fff588260c0 is an unknown value


Stack: [0x00007fff58029000,0x00007fff58829000],  sp=0x00007fff58825f70,  free space=8179k
Native frames: (J=compiled Java code, j=interpreted, Vv=VM code, C=native code)
C  [libglass.dylib+0x155dd]  GlassScreenDidChangeScreenParameters+0x9d
C  [CoreFoundation+0x12045c]  __CFNOTIFICATIONCENTER_IS_CALLING_OUT_TO_AN_OBSERVER__+0xc
C  [CoreFoundation+0x10634]  _CFXNotificationPost+0xc44
C  [Foundation+0x79d1]  -[NSNotificationCenter postNotificationName:object:userInfo:]+0x42
C  [AppKit+0x40df7e]  -[NSApplication _reactToScreenInvalidationImmediately:]+0x17b
C  [AppKit+0x40ddc7]  __44-[NSApplication _reactToScreenInvalidation:]_block_invoke+0x4b
C  [CoreFoundation+0x808ec]  __CFRUNLOOP_IS_CALLING_OUT_TO_A_BLOCK__+0xc
C  [CoreFoundation+0x729f5]  __CFRunLoopDoBlocks+0x155
C  [CoreFoundation+0x72536]  __CFRunLoopRun+0x716
C  [CoreFoundation+0x71bd8]  CFRunLoopRunSpecific+0x128
C  [java+0x6490]  CreateExecutionEnvironment+0x367
C  [java+0x221c]  JLI_Launch+0x7a0
C  [java+0x84ed]  main+0x65
C  [java+0x1a74]  start+0x34


---------------  P R O C E S S  ---------------

VM state:not at safepoint (normal execution)

VM Mutex/Monitor currently owned by a thread: None

Heap:
 PSYoungGen      total 71680K, used 51742K [0x0000000795580000, 0x000000079a080000, 0x00000007c0000000)
  eden space 66560K, 77% used [0x0000000795580000,0x0000000798807948,0x0000000799680000)
  from space 5120K, 0% used [0x0000000799b80000,0x0000000799b80000,0x000000079a080000)
  to   space 5120K, 0% used [0x0000000799680000,0x0000000799680000,0x0000000799b80000)
 ParOldGen       total 150016K, used 78960K [0x0000000740000000, 0x0000000749280000, 0x0000000795580000)
  object space 150016K, 52% used [0x0000000740000000,0x0000000744d1c1a8,0x0000000749280000)
 Metaspace       used 17164K, capacity 17944K, committed 18176K, reserved 1064960K
  class space    used 2354K, capacity 2534K, committed 2560K, reserved 1048576K

Card table byte_map: [0x0000000118a2c000,0x0000000118e2d000] byte_map_base: 0x000000011502c000

Marking Bits: (ParMarkBitMap*) 0x0000000108ec27a0
 Begin Bits: [0x00000001198f0000, 0x000000011b8f0000)
 End Bits:   [0x000000011b8f0000, 0x000000011d8f0000)

Polling page: 0x0000000107562000

CodeCache: size=245760Kb used=8762Kb max_used=8797Kb free=236997Kb
 bounds [0x000000010966c000, 0x0000000109f0c000, 0x000000011866c000]
 total_blobs=3427 nmethods=2786 adapters=554
 compilation: enabled

Compilation events (10 events):
Event: 208.620 Thread 0x00007fef3a82d800 nmethod 2811 0x0000000109eec950 code [0x0000000109eecb20, 0x0000000109eed248]
Event: 208.627 Thread 0x00007fef3b00f000 nmethod 2801 0x0000000109ef0dd0 code [0x0000000109ef1060, 0x0000000109ef1e20]
Event: 208.627 Thread 0x00007fef3b00f000 2802       4       com.sun.javafx.css.ParsedValueImpl::convert (24 bytes)
Event: 208.627 Thread 0x00007fef3b00f000 nmethod 2802 0x0000000109ee8ed0 code [0x0000000109ee9020, 0x0000000109ee90b8]
Event: 208.634 Thread 0x00007fef3d029000 nmethod 2797 0x0000000109eede90 code [0x0000000109eee080, 0x0000000109eeef00]
Event: 208.786 Thread 0x00007fef3a82d800 2812       3       com.sun.prism.es2.GLContext::updateActiveTextureUnit (14 bytes)
Event: 208.786 Thread 0x00007fef3a82d800 nmethod 2812 0x0000000109eed790 code [0x0000000109eed920, 0x0000000109eedd48]
Event: 208.800 Thread 0x00007fef3a82d800 2813       3       java.util.concurrent.atomic.AtomicInteger::incrementAndGet (14 bytes)
Event: 208.800 Thread 0x00007fef3a82d800 nmethod 2813 0x0000000109eed490 code [0x0000000109eed5e0, 0x0000000109eed730]
Event: 208.853 Thread 0x00007fef3a825000 nmethod 2800 0x0000000109efc610 code [0x0000000109efcda0, 0x0000000109f02850]

GC Heap History (10 events):
Event: 1.448 GC heap before
{Heap before GC invocations=1 (full 0):
 PSYoungGen      total 38400K, used 33280K [0x0000000795580000, 0x0000000798000000, 0x00000007c0000000)
  eden space 33280K, 100% used [0x0000000795580000,0x0000000797600000,0x0000000797600000)
  from space 5120K, 0% used [0x0000000797b00000,0x0000000797b00000,0x0000000798000000)
  to   space 5120K, 0% used [0x0000000797600000,0x0000000797600000,0x0000000797b00000)
 ParOldGen       total 87552K, used 0K [0x0000000740000000, 0x0000000745580000, 0x0000000795580000)
  object space 87552K, 0% used [0x0000000740000000,0x0000000740000000,0x0000000745580000)
 Metaspace       used 11282K, capacity 11652K, committed 11904K, reserved 1058816K
  class space    used 1467K, capacity 1594K, committed 1664K, reserved 1048576K
Event: 1.457 GC heap after
Heap after GC invocations=1 (full 0):
 PSYoungGen      total 38400K, used 4747K [0x0000000795580000, 0x0000000798000000, 0x00000007c0000000)
  eden space 33280K, 0% used [0x0000000795580000,0x0000000795580000,0x0000000797600000)
  from space 5120K, 92% used [0x0000000797600000,0x0000000797aa2ca0,0x0000000797b00000)
  to   space 5120K, 0% used [0x0000000797b00000,0x0000000797b00000,0x0000000798000000)
 ParOldGen       total 87552K, used 4321K [0x0000000740000000, 0x0000000745580000, 0x0000000795580000)
  object space 87552K, 4% used [0x0000000740000000,0x0000000740438530,0x0000000745580000)
 Metaspace       used 11282K, capacity 11652K, committed 11904K, reserved 1058816K
  class space    used 1467K, capacity 1594K, committed 1664K, reserved 1048576K
}
Event: 1.677 GC heap before
{Heap before GC invocations=2 (full 0):
 PSYoungGen      total 38400K, used 35259K [0x0000000795580000, 0x0000000798000000, 0x00000007c0000000)
  eden space 33280K, 91% used [0x0000000795580000,0x000000079734c330,0x0000000797600000)
  from space 5120K, 92% used [0x0000000797600000,0x0000000797aa2ca0,0x0000000797b00000)
  to   space 5120K, 0% used [0x0000000797b00000,0x0000000797b00000,0x0000000798000000)
 ParOldGen       total 87552K, used 4321K [0x0000000740000000, 0x0000000745580000, 0x0000000795580000)
  object space 87552K, 4% used [0x0000000740000000,0x0000000740438530,0x0000000745580000)
 Metaspace       used 11334K, capacity 11728K, committed 11904K, reserved 1058816K
  class space    used 1469K, capacity 1596K, committed 1664K, reserved 1048576K
Event: 1.707 GC heap after
Heap after GC invocations=2 (full 0):
 PSYoungGen      total 38400K, used 4872K [0x0000000795580000, 0x000000079a080000, 0x00000007c0000000)
  eden space 33280K, 0% used [0x0000000795580000,0x0000000795580000,0x0000000797600000)
  from space 5120K, 95% used [0x0000000797b00000,0x0000000797fc20c8,0x0000000798000000)
  to   space 5120K, 0% used [0x0000000797600000,0x0000000797600000,0x0000000797b00000)
 ParOldGen       total 87552K, used 32806K [0x0000000740000000, 0x0000000745580000, 0x0000000795580000)
  object space 87552K, 37% used [0x0000000740000000,0x0000000742009800,0x0000000745580000)
 Metaspace       used 11334K, capacity 11728K, committed 11904K, reserved 1058816K
  class space    used 1469K, capacity 1596K, committed 1664K, reserved 1048576K
}
Event: 1.943 GC heap before
{Heap before GC invocations=3 (full 0):
 PSYoungGen      total 38400K, used 36985K [0x0000000795580000, 0x000000079a080000, 0x00000007c0000000)
  eden space 33280K, 96% used [0x0000000795580000,0x00000007974dc3d8,0x0000000797600000)
  from space 5120K, 95% used [0x0000000797b00000,0x0000000797fc20c8,0x0000000798000000)
  to   space 5120K, 0% used [0x0000000797600000,0x0000000797600000,0x0000000797b00000)
 ParOldGen       total 87552K, used 32806K [0x0000000740000000, 0x0000000745580000, 0x0000000795580000)
  object space 87552K, 37% used [0x0000000740000000,0x0000000742009800,0x0000000745580000)
 Metaspace       used 11901K, capacity 12342K, committed 12544K, reserved 1060864K
  class space    used 1555K, capacity 1677K, committed 1792K, reserved 1048576K
Event: 1.952 GC heap after
Heap after GC invocations=3 (full 0):
 PSYoungGen      total 38400K, used 5092K [0x0000000795580000, 0x000000079a080000, 0x00000007c0000000)
  eden space 33280K, 0% used [0x0000000795580000,0x0000000795580000,0x0000000797600000)
  from space 5120K, 99% used [0x0000000797600000,0x0000000797af92a0,0x0000000797b00000)
  to   space 5120K, 0% used [0x0000000799b80000,0x0000000799b80000,0x000000079a080000)
 ParOldGen       total 87552K, used 48993K [0x0000000740000000, 0x0000000745580000, 0x0000000795580000)
  object space 87552K, 55% used [0x0000000740000000,0x0000000742fd8570,0x0000000745580000)
 Metaspace       used 11901K, capacity 12342K, committed 12544K, reserved 1060864K
  class space    used 1555K, capacity 1677K, committed 1792K, reserved 1048576K
}
Event: 1.997 GC heap before
{Heap before GC invocations=4 (full 0):
 PSYoungGen      total 38400K, used 36960K [0x0000000795580000, 0x000000079a080000, 0x00000007c0000000)
  eden space 33280K, 95% used [0x0000000795580000,0x000000079749edb0,0x0000000797600000)
  from space 5120K, 99% used [0x0000000797600000,0x0000000797af92a0,0x0000000797b00000)
  to   space 5120K, 0% used [0x0000000799b80000,0x0000000799b80000,0x000000079a080000)
 ParOldGen       total 87552K, used 48993K [0x0000000740000000, 0x0000000745580000, 0x0000000795580000)
  object space 87552K, 55% used [0x0000000740000000,0x0000000742fd8570,0x0000000745580000)
 Metaspace       used 11905K, capacity 12342K, committed 12544K, reserved 1060864K
  class space    used 1555K, capacity 1677K, committed 1792K, reserved 1048576K
Event: 2.018 GC heap after
Heap after GC invocations=4 (full 0):
 PSYoungGen      total 71680K, used 4595K [0x0000000795580000, 0x000000079a080000, 0x00000007c0000000)
  eden space 66560K, 0% used [0x0000000795580000,0x0000000795580000,0x0000000799680000)
  from space 5120K, 89% used [0x0000000799b80000,0x0000000799ffce90,0x000000079a080000)
  to   space 5120K, 0% used [0x0000000799680000,0x0000000799680000,0x0000000799b80000)
 ParOldGen       total 87552K, used 77118K [0x0000000740000000, 0x0000000745580000, 0x0000000795580000)
  object space 87552K, 88% used [0x0000000740000000,0x0000000744b4fa30,0x0000000745580000)
 Metaspace       used 11905K, capacity 12342K, committed 12544K, reserved 1060864K
  class space    used 1555K, capacity 1677K, committed 1792K, reserved 1048576K
}
Event: 2.018 GC heap before
{Heap before GC invocations=5 (full 1):
 PSYoungGen      total 71680K, used 4595K [0x0000000795580000, 0x000000079a080000, 0x00000007c0000000)
  eden space 66560K, 0% used [0x0000000795580000,0x0000000795580000,0x0000000799680000)
  from space 5120K, 89% used [0x0000000799b80000,0x0000000799ffce90,0x000000079a080000)
  to   space 5120K, 0% used [0x0000000799680000,0x0000000799680000,0x0000000799b80000)
 ParOldGen       total 87552K, used 77118K [0x0000000740000000, 0x0000000745580000, 0x0000000795580000)
  object space 87552K, 88% used [0x0000000740000000,0x0000000744b4fa30,0x0000000745580000)
 Metaspace       used 11905K, capacity 12342K, committed 12544K, reserved 1060864K
  class space    used 1555K, capacity 1677K, committed 1792K, reserved 1048576K
Event: 2.037 GC heap after
Heap after GC invocations=5 (full 1):
 PSYoungGen      total 71680K, used 0K [0x0000000795580000, 0x000000079a080000, 0x00000007c0000000)
  eden space 66560K, 0% used [0x0000000795580000,0x0000000795580000,0x0000000799680000)
  from space 5120K, 0% used [0x0000000799b80000,0x0000000799b80000,0x000000079a080000)
  to   space 5120K, 0% used [0x0000000799680000,0x0000000799680000,0x0000000799b80000)
 ParOldGen       total 150016K, used 78960K [0x0000000740000000, 0x0000000749280000, 0x0000000795580000)
  object space 150016K, 52% used [0x0000000740000000,0x0000000744d1c1a8,0x0000000749280000)
 Metaspace       used 11905K, capacity 12342K, committed 12544K, reserved 1060864K
  class space    used 1555K, capacity 1677K, committed 1792K, reserved 1048576K
}

Deoptimization events (10 events):
Event: 2.450 Thread 0x00007fef3d100000 Uncommon trap: reason=class_check action=maybe_recompile pc=0x0000000109793d5c method=java.lang.String.equals(Ljava/lang/Object;)Z @ 8
Event: 2.473 Thread 0x00007fef3d100000 Uncommon trap: reason=unstable_if action=reinterpret pc=0x000000010995fbbc method=java.util.HashMap.putVal(ILjava/lang/Object;Ljava/lang/Object;ZZ)Ljava/lang/Object; @ 193
Event: 2.701 Thread 0x00007fef3d100000 Uncommon trap: reason=unstable_if action=reinterpret pc=0x0000000109b5bbf4 method=jdk.internal.org.objectweb.asm.Type.getArgumentsAndReturnSizes(Ljava/lang/String;)I @ 47
Event: 2.744 Thread 0x00007fef3a80d800 Uncommon trap: reason=unstable_if action=reinterpret pc=0x0000000109b13624 method=sun.net.www.ParseUtil.encodePath(Ljava/lang/String;Z)Ljava/lang/String; @ 109
Event: 9.028 Thread 0x00007fef3d100000 Uncommon trap: reason=unstable_if action=reinterpret pc=0x0000000109b0eeac method=java.lang.ClassLoader.checkName(Ljava/lang/String;)Z @ 20
Event: 208.607 Thread 0x00007fef3d0fb000 Uncommon trap: reason=unstable_if action=reinterpret pc=0x0000000109e1dd78 method=java.util.concurrent.LinkedBlockingDeque.unlinkFirst()Ljava/lang/Object; @ 37
Event: 208.800 Thread 0x00007fef3d100000 Uncommon trap: reason=unstable_if action=reinterpret pc=0x0000000109e0d3f0 method=java.util.concurrent.locks.ReentrantLock$NonfairSync.lock()V @ 6
Event: 208.800 Thread 0x00007fef3d100000 Uncommon trap: reason=unstable_if action=reinterpret pc=0x0000000109e15a78 method=java.util.concurrent.locks.ReentrantLock$Sync.nonfairTryAcquire(I)Z @ 10
Event: 208.800 Thread 0x00007fef3d100000 Uncommon trap: reason=unstable_if action=reinterpret pc=0x0000000109e075a4 method=java.util.concurrent.locks.ReentrantLock$Sync.tryRelease(I)Z @ 28
Event: 208.800 Thread 0x00007fef3a80d800 Uncommon trap: reason=unstable_if action=reinterpret pc=0x0000000109e19194 method=java.util.concurrent.locks.AbstractQueuedSynchronizer$ConditionObject.checkInterruptWhileWaiting(Ljava/util/concurrent/locks/AbstractQueuedSynchronizer$Node;)I @ 3

Internal exceptions (10 events):
Event: 0.201 Thread 0x00007fef3d800800 Exception <a 'java/security/PrivilegedActionException'> (0x00000007959214d0) thrown at [/Users/java_re/workspace/8-2-build-macosx-x86_64/jdk8u40/3153/hotspot/src/share/vm/prims/jvm.cpp, line 1382]
Event: 0.202 Thread 0x00007fef3d800800 Exception <a 'java/lang/NullPointerException'> (0x0000000795921c68) thrown at [/Users/java_re/workspace/8-2-build-macosx-x86_64/jdk8u40/3153/hotspot/src/share/vm/interpreter/linkResolver.cpp, line 1178]
Event: 0.751 Thread 0x00007fef3d100000 Exception <a 'java/lang/NullPointerException'> (0x0000000796264750) thrown at [/Users/java_re/workspace/8-2-build-macosx-x86_64/jdk8u40/3153/hotspot/src/share/vm/interpreter/linkResolver.cpp, line 1178]
Event: 0.751 Thread 0x00007fef3d100000 Exception <a 'java/lang/NullPointerException'> (0x0000000796264750) thrown at [/Users/java_re/workspace/8-2-build-macosx-x86_64/jdk8u40/3153/hotspot/src/share/vm/prims/jvm.cpp, line 1386]
Event: 0.902 Thread 0x00007fef3d100000 Exception <a 'java/lang/ArrayIndexOutOfBoundsException'> (0x000000079676b578) thrown at [/Users/java_re/workspace/8-2-build-macosx-x86_64/jdk8u40/3153/hotspot/src/share/vm/runtime/sharedRuntime.cpp, line 605]
Event: 0.903 Thread 0x00007fef3d100000 Exception <a 'java/lang/ArrayIndexOutOfBoundsException'> (0x000000079676c038) thrown at [/Users/java_re/workspace/8-2-build-macosx-x86_64/jdk8u40/3153/hotspot/src/share/vm/runtime/sharedRuntime.cpp, line 605]
Event: 0.904 Thread 0x00007fef3d100000 Exception <a 'java/lang/ArrayIndexOutOfBoundsException'> (0x000000079676d330) thrown at [/Users/java_re/workspace/8-2-build-macosx-x86_64/jdk8u40/3153/hotspot/src/share/vm/runtime/sharedRuntime.cpp, line 605]
Event: 2.301 Thread 0x00007fef3d100000 Implicit null exception at 0x00000001099672f5 to 0x000000010996752d
Event: 2.301 Thread 0x00007fef3d100000 Implicit null exception at 0x00000001099613fb to 0x0000000109961e29
Event: 2.303 Thread 0x00007fef3d100000 Implicit null exception at 0x00000001099953af to 0x0000000109995419

Events (10 events):
Event: 208.800 Thread 0x00007fef3a80d800 Uncommon trap: trap_request=0xffffff65 fr.pc=0x0000000109e19194
Event: 208.801 Thread 0x00007fef3a80d800 DEOPT PACKING pc=0x0000000109e19194 sp=0x000000012288b640
Event: 208.801 Thread 0x00007fef3a80d800 DEOPT UNPACKING pc=0x0000000109671229 sp=0x000000012288b5c0 mode 2
Event: 208.801 loading class com/sun/javafx/tk/quantum/QuantumToolkit
Event: 208.801 loading class com/sun/javafx/tk/quantum/QuantumToolkit done
Event: 208.801 Thread 0x00007fef3a80d800 Thread exited: 0x00007fef3a80d800
Event: 208.801 Thread 0x00007fef3b0a6800 Thread exited: 0x00007fef3b0a6800
Event: 208.801 Thread 0x00007fef3d800800 Thread exited: 0x00007fef3d800800
Event: 208.801 Thread 0x00007fef3d800800 Thread added: 0x00007fef3d800800
Event: 208.801 Thread 0x00007fef3d100000 Thread exited: 0x00007fef3d100000


Dynamic libraries:
0x00000000049fe000 	/System/Library/Frameworks/Cocoa.framework/Versions/A/Cocoa
0x00000000049fe000 	/System/Library/Frameworks/Security.framework/Versions/A/Security
0x00000000049fe000 	/System/Library/Frameworks/ApplicationServices.framework/Versions/A/ApplicationServices
0x00000000049fe000 	/usr/lib/libz.1.dylib
0x00000000049fe000 	/usr/lib/libSystem.B.dylib
0x00000000049fe000 	/usr/lib/libobjc.A.dylib
0x00000000049fe000 	/System/Library/Frameworks/CoreFoundation.framework/Versions/A/CoreFoundation
0x00000000049fe000 	/System/Library/Frameworks/Foundation.framework/Versions/C/Foundation
0x00000000049fe000 	/System/Library/Frameworks/AppKit.framework/Versions/C/AppKit
0x00000000049fe000 	/System/Library/Frameworks/CoreData.framework/Versions/A/CoreData
0x00000000049fe000 	/System/Library/PrivateFrameworks/RemoteViewServices.framework/Versions/A/RemoteViewServices
0x00000000049fe000 	/System/Library/PrivateFrameworks/UIFoundation.framework/Versions/A/UIFoundation
0x00000000049fe000 	/System/Library/Frameworks/IOSurface.framework/Versions/A/IOSurface
0x00000000049fe000 	/System/Library/Frameworks/AudioToolbox.framework/Versions/A/AudioToolbox
0x00000000049fe000 	/System/Library/Frameworks/AudioUnit.framework/Versions/A/AudioUnit
0x00000000049fe000 	/System/Library/PrivateFrameworks/DataDetectorsCore.framework/Versions/A/DataDetectorsCore
0x00000000049fe000 	/System/Library/PrivateFrameworks/DesktopServicesPriv.framework/Versions/A/DesktopServicesPriv
0x00000000049fe000 	/System/Library/Frameworks/Carbon.framework/Versions/A/Frameworks/HIToolbox.framework/Versions/A/HIToolbox
0x00000000049fe000 	/System/Library/Frameworks/QuartzCore.framework/Versions/A/QuartzCore
0x00000000049fe000 	/System/Library/Frameworks/Carbon.framework/Versions/A/Frameworks/SpeechRecognition.framework/Versions/A/SpeechRecognition
0x00000000049fe000 	/usr/lib/libauto.dylib
0x00000000049fe000 	/usr/lib/libicucore.A.dylib
0x00000000049fe000 	/usr/lib/libxml2.2.dylib
0x00000000049fe000 	/System/Library/PrivateFrameworks/CoreUI.framework/Versions/A/CoreUI
0x00000000049fe000 	/System/Library/Frameworks/CoreAudio.framework/Versions/A/CoreAudio
0x00000000049fe000 	/System/Library/Frameworks/DiskArbitration.framework/Versions/A/DiskArbitration
0x00000000049fe000 	/usr/lib/liblangid.dylib
0x00000000049fe000 	/System/Library/PrivateFrameworks/MultitouchSupport.framework/Versions/A/MultitouchSupport
0x00000000049fe000 	/System/Library/Frameworks/IOKit.framework/Versions/A/IOKit
0x00000000049fe000 	/usr/lib/libDiagnosticMessagesClient.dylib
0x00000000049fe000 	/System/Library/Frameworks/CoreServices.framework/Versions/A/CoreServices
0x00000000049fe000 	/System/Library/PrivateFrameworks/PerformanceAnalysis.framework/Versions/A/PerformanceAnalysis
0x00000000049fe000 	/System/Library/PrivateFrameworks/GenerationalStorage.framework/Versions/A/GenerationalStorage
0x00000000049fe000 	/System/Library/Frameworks/OpenGL.framework/Versions/A/OpenGL
0x00000000049fe000 	/System/Library/PrivateFrameworks/Sharing.framework/Versions/A/Sharing
0x00000000049fe000 	/System/Library/Frameworks/CoreGraphics.framework/Versions/A/CoreGraphics
0x00000000049fe000 	/System/Library/Frameworks/CoreText.framework/Versions/A/CoreText
0x00000000049fe000 	/System/Library/Frameworks/ImageIO.framework/Versions/A/ImageIO
0x00000000049fe000 	/usr/lib/libextension.dylib
0x00000000049fe000 	/System/Library/PrivateFrameworks/Backup.framework/Versions/A/Backup
0x00000000049fe000 	/usr/lib/libarchive.2.dylib
0x00000000049fe000 	/System/Library/Frameworks/CFNetwork.framework/Versions/A/CFNetwork
0x00000000049fe000 	/System/Library/Frameworks/SystemConfiguration.framework/Versions/A/SystemConfiguration
0x00000000049fe000 	/usr/lib/libCRFSuite.dylib
0x00000000049fe000 	/usr/lib/libc++.1.dylib
0x00000000049fe000 	/usr/lib/libc++abi.dylib
0x00000000049fe000 	/usr/lib/system/libcache.dylib
0x00000000049fe000 	/usr/lib/system/libcommonCrypto.dylib
0x00000000049fe000 	/usr/lib/system/libcompiler_rt.dylib
0x00000000049fe000 	/usr/lib/system/libcopyfile.dylib
0x00000000049fe000 	/usr/lib/system/libcorecrypto.dylib
0x00000000049fe000 	/usr/lib/system/libdispatch.dylib
0x00000000049fe000 	/usr/lib/system/libdyld.dylib
0x00000000049fe000 	/usr/lib/system/libkeymgr.dylib
0x00000000049fe000 	/usr/lib/system/liblaunch.dylib
0x00000000049fe000 	/usr/lib/system/libmacho.dylib
0x00000000049fe000 	/usr/lib/system/libquarantine.dylib
0x00000000049fe000 	/usr/lib/system/libremovefile.dylib
0x00000000049fe000 	/usr/lib/system/libsystem_asl.dylib
0x00000000049fe000 	/usr/lib/system/libsystem_blocks.dylib
0x00000000049fe000 	/usr/lib/system/libsystem_c.dylib
0x00000000049fe000 	/usr/lib/system/libsystem_configuration.dylib
0x00000000049fe000 	/usr/lib/system/libsystem_coreservices.dylib
0x00000000049fe000 	/usr/lib/system/libsystem_coretls.dylib
0x00000000049fe000 	/usr/lib/system/libsystem_dnssd.dylib
0x00000000049fe000 	/usr/lib/system/libsystem_info.dylib
0x00000000049fe000 	/usr/lib/system/libsystem_kernel.dylib
0x00000000049fe000 	/usr/lib/system/libsystem_m.dylib
0x00000000049fe000 	/usr/lib/system/libsystem_malloc.dylib
0x00000000049fe000 	/usr/lib/system/libsystem_network.dylib
0x00000000049fe000 	/usr/lib/system/libsystem_networkextension.dylib
0x00000000049fe000 	/usr/lib/system/libsystem_notify.dylib
0x00000000049fe000 	/usr/lib/system/libsystem_platform.dylib
0x00000000049fe000 	/usr/lib/system/libsystem_pthread.dylib
0x00000000049fe000 	/usr/lib/system/libsystem_sandbox.dylib
0x00000000049fe000 	/usr/lib/system/libsystem_secinit.dylib
0x00000000049fe000 	/usr/lib/system/libsystem_stats.dylib
0x00000000049fe000 	/usr/lib/system/libsystem_trace.dylib
0x00000000049fe000 	/usr/lib/system/libunc.dylib
0x00000000049fe000 	/usr/lib/system/libunwind.dylib
0x00000000049fe000 	/usr/lib/system/libxpc.dylib
0x00000000049fe000 	/usr/lib/libbz2.1.0.dylib
0x00000000049fe000 	/usr/lib/liblzma.5.dylib
0x00000000049fe000 	/usr/lib/libbsm.0.dylib
0x00000000049fe000 	/usr/lib/libsqlite3.dylib
0x00000000049fe000 	/usr/lib/system/libkxld.dylib
0x00000000049fe000 	/usr/lib/libxar.1.dylib
0x00000000049fe000 	/usr/lib/libpam.2.dylib
0x00000000049fe000 	/usr/lib/libOpenScriptingUtil.dylib
0x00000000049fe000 	/System/Library/Frameworks/CoreServices.framework/Versions/A/Frameworks/FSEvents.framework/Versions/A/FSEvents
0x00000000049fe000 	/System/Library/Frameworks/CoreServices.framework/Versions/A/Frameworks/CarbonCore.framework/Versions/A/CarbonCore
0x00000000049fe000 	/System/Library/Frameworks/CoreServices.framework/Versions/A/Frameworks/Metadata.framework/Versions/A/Metadata
0x00000000049fe000 	/System/Library/Frameworks/CoreServices.framework/Versions/A/Frameworks/OSServices.framework/Versions/A/OSServices
0x00000000049fe000 	/System/Library/Frameworks/CoreServices.framework/Versions/A/Frameworks/SearchKit.framework/Versions/A/SearchKit
0x00000000049fe000 	/System/Library/Frameworks/CoreServices.framework/Versions/A/Frameworks/AE.framework/Versions/A/AE
0x00000000049fe000 	/System/Library/Frameworks/CoreServices.framework/Versions/A/Frameworks/LaunchServices.framework/Versions/A/LaunchServices
0x00000000049fe000 	/System/Library/Frameworks/CoreServices.framework/Versions/A/Frameworks/DictionaryServices.framework/Versions/A/DictionaryServices
0x00000000049fe000 	/System/Library/Frameworks/NetFS.framework/Versions/A/NetFS
0x00000000049fe000 	/System/Library/PrivateFrameworks/NetAuth.framework/Versions/A/NetAuth
0x00000000049fe000 	/System/Library/PrivateFrameworks/login.framework/Versions/A/Frameworks/loginsupport.framework/Versions/A/loginsupport
0x00000000049fe000 	/System/Library/PrivateFrameworks/TCC.framework/Versions/A/TCC
0x00000000049fe000 	/usr/lib/libmecabra.dylib
0x00000000049fe000 	/System/Library/Frameworks/ApplicationServices.framework/Versions/A/Frameworks/ATS.framework/Versions/A/ATS
0x00000000049fe000 	/System/Library/Frameworks/ApplicationServices.framework/Versions/A/Frameworks/ColorSync.framework/Versions/A/ColorSync
0x00000000049fe000 	/System/Library/Frameworks/ApplicationServices.framework/Versions/A/Frameworks/HIServices.framework/Versions/A/HIServices
0x00000000049fe000 	/System/Library/Frameworks/ApplicationServices.framework/Versions/A/Frameworks/LangAnalysis.framework/Versions/A/LangAnalysis
0x00000000049fe000 	/System/Library/Frameworks/ApplicationServices.framework/Versions/A/Frameworks/PrintCore.framework/Versions/A/PrintCore
0x00000000049fe000 	/System/Library/Frameworks/ApplicationServices.framework/Versions/A/Frameworks/QD.framework/Versions/A/QD
0x00000000049fe000 	/System/Library/Frameworks/ApplicationServices.framework/Versions/A/Frameworks/SpeechSynthesis.framework/Versions/A/SpeechSynthesis
0x00000000049fe000 	/System/Library/Frameworks/Accelerate.framework/Versions/A/Accelerate
0x00000000049fe000 	/System/Library/Frameworks/Accelerate.framework/Versions/A/Frameworks/vImage.framework/Versions/A/vImage
0x00000000049fe000 	/System/Library/Frameworks/Accelerate.framework/Versions/A/Frameworks/vecLib.framework/Versions/A/vecLib
0x00000000049fe000 	/System/Library/Frameworks/Accelerate.framework/Versions/A/Frameworks/vecLib.framework/Versions/A/libvDSP.dylib
0x00000000049fe000 	/System/Library/Frameworks/Accelerate.framework/Versions/A/Frameworks/vecLib.framework/Versions/A/libvMisc.dylib
0x00000000049fe000 	/System/Library/Frameworks/Accelerate.framework/Versions/A/Frameworks/vecLib.framework/Versions/A/libLAPACK.dylib
0x00000000049fe000 	/System/Library/Frameworks/Accelerate.framework/Versions/A/Frameworks/vecLib.framework/Versions/A/libBLAS.dylib
0x00000000049fe000 	/System/Library/Frameworks/Accelerate.framework/Versions/A/Frameworks/vecLib.framework/Versions/A/libLinearAlgebra.dylib
0x00000000049fe000 	/System/Library/Frameworks/ApplicationServices.framework/Versions/A/Frameworks/ATS.framework/Versions/A/Resources/libFontParser.dylib
0x00000000049fe000 	/System/Library/Frameworks/ApplicationServices.framework/Versions/A/Frameworks/ATS.framework/Versions/A/Resources/libFontRegistry.dylib
0x00000000049fe000 	/System/Library/PrivateFrameworks/AppleVPA.framework/Versions/A/AppleVPA
0x00000000049fe000 	/System/Library/PrivateFrameworks/AppleJPEG.framework/Versions/A/AppleJPEG
0x00000000049fe000 	/System/Library/Frameworks/ImageIO.framework/Versions/A/Resources/libJPEG.dylib
0x00000000049fe000 	/System/Library/Frameworks/ImageIO.framework/Versions/A/Resources/libTIFF.dylib
0x00000000049fe000 	/System/Library/Frameworks/ImageIO.framework/Versions/A/Resources/libPng.dylib
0x00000000049fe000 	/System/Library/Frameworks/ImageIO.framework/Versions/A/Resources/libGIF.dylib
0x00000000049fe000 	/System/Library/Frameworks/ImageIO.framework/Versions/A/Resources/libJP2.dylib
0x00000000049fe000 	/System/Library/Frameworks/ImageIO.framework/Versions/A/Resources/libRadiance.dylib
0x00000000049fe000 	/System/Library/Frameworks/CoreVideo.framework/Versions/A/CoreVideo
0x00000000049fe000 	/System/Library/Frameworks/OpenGL.framework/Versions/A/Libraries/libGLU.dylib
0x00000000049fe000 	/System/Library/Frameworks/OpenGL.framework/Versions/A/Libraries/libGFXShared.dylib
0x00000000049fe000 	/System/Library/Frameworks/OpenGL.framework/Versions/A/Libraries/libGL.dylib
0x00000000049fe000 	/System/Library/Frameworks/OpenGL.framework/Versions/A/Libraries/libGLImage.dylib
0x00000000049fe000 	/System/Library/Frameworks/OpenGL.framework/Versions/A/Libraries/libCVMSPluginSupport.dylib
0x00000000049fe000 	/System/Library/Frameworks/OpenGL.framework/Versions/A/Libraries/libCoreVMClient.dylib
0x00000000049fe000 	/usr/lib/libcups.2.dylib
0x00000000049fe000 	/System/Library/Frameworks/Kerberos.framework/Versions/A/Kerberos
0x00000000049fe000 	/System/Library/Frameworks/GSS.framework/Versions/A/GSS
0x00000000049fe000 	/usr/lib/libresolv.9.dylib
0x00000000049fe000 	/usr/lib/libiconv.2.dylib
0x00000000049fe000 	/System/Library/PrivateFrameworks/Heimdal.framework/Versions/A/Heimdal
0x00000000049fe000 	/usr/lib/libheimdal-asn1.dylib
0x00000000049fe000 	/System/Library/Frameworks/OpenDirectory.framework/Versions/A/OpenDirectory
0x00000000049fe000 	/System/Library/PrivateFrameworks/CommonAuth.framework/Versions/A/CommonAuth
0x00000000049fe000 	/System/Library/Frameworks/OpenDirectory.framework/Versions/A/Frameworks/CFOpenDirectory.framework/Versions/A/CFOpenDirectory
0x00000000049fe000 	/System/Library/Frameworks/SecurityFoundation.framework/Versions/A/SecurityFoundation
0x00000000049fe000 	/System/Library/PrivateFrameworks/LanguageModeling.framework/Versions/A/LanguageModeling
0x00000000049fe000 	/usr/lib/libcmph.dylib
0x00000000049fe000 	/System/Library/Frameworks/ServiceManagement.framework/Versions/A/ServiceManagement
0x00000000049fe000 	/usr/lib/libxslt.1.dylib
0x00000000049fe000 	/System/Library/Frameworks/Carbon.framework/Versions/A/Frameworks/Ink.framework/Versions/A/Ink
0x00000000049fe000 	/System/Library/Frameworks/QuartzCore.framework/Versions/A/Frameworks/CoreImage.framework/Versions/A/CoreImage
0x00000000049fe000 	/System/Library/PrivateFrameworks/CrashReporterSupport.framework/Versions/A/CrashReporterSupport
0x00000000049fe000 	/System/Library/Frameworks/OpenCL.framework/Versions/A/OpenCL
0x00000000049fe000 	/System/Library/PrivateFrameworks/FaceCore.framework/Versions/A/FaceCore
0x00000000049fe000 	/System/Library/PrivateFrameworks/Ubiquity.framework/Versions/A/Ubiquity
0x00000000049fe000 	/System/Library/PrivateFrameworks/IconServices.framework/Versions/A/IconServices
0x00000000049fe000 	/System/Library/PrivateFrameworks/ChunkingLibrary.framework/Versions/A/ChunkingLibrary
0x00000000049fe000 	/System/Library/PrivateFrameworks/Apple80211.framework/Versions/A/Apple80211
0x00000000049fe000 	/System/Library/Frameworks/CoreWLAN.framework/Versions/A/CoreWLAN
0x00000000049fe000 	/System/Library/Frameworks/IOBluetooth.framework/Versions/A/IOBluetooth
0x00000000049fe000 	/System/Library/PrivateFrameworks/CoreWiFi.framework/Versions/A/CoreWiFi
0x00000000049fe000 	/System/Library/Frameworks/CoreBluetooth.framework/Versions/A/CoreBluetooth
0x00000000049fe000 	/System/Library/PrivateFrameworks/DebugSymbols.framework/Versions/A/DebugSymbols
0x00000000049fe000 	/System/Library/PrivateFrameworks/CoreSymbolication.framework/Versions/A/CoreSymbolication
0x00000000049fe000 	/System/Library/PrivateFrameworks/Symbolication.framework/Versions/A/Symbolication
0x00000000049fe000 	/System/Library/PrivateFrameworks/SpeechRecognitionCore.framework/Versions/A/SpeechRecognitionCore
0x0000000108600000 	/Library/Java/JavaVirtualMachines/jdk1.8.0_40.jdk/Contents/Home/jre/lib/server/libjvm.dylib
0x00000000049fe000 	/usr/lib/libstdc++.6.dylib
0x000000010751f000 	/Library/Java/JavaVirtualMachines/jdk1.8.0_40.jdk/Contents/Home/jre/lib/libverify.dylib
0x000000010752d000 	/Library/Java/JavaVirtualMachines/jdk1.8.0_40.jdk/Contents/Home/jre/lib/libjava.dylib
0x000000010756c000 	/Library/Java/JavaVirtualMachines/jdk1.8.0_40.jdk/Contents/Home/jre/lib/libzip.dylib
0x00000001206c4000 	/System/Library/Frameworks/JavaVM.framework/Frameworks/JavaRuntimeSupport.framework/JavaRuntimeSupport
0x00000001206da000 	/System/Library/Frameworks/JavaVM.framework/Versions/A/Frameworks/JavaNativeFoundation.framework/Versions/A/JavaNativeFoundation
0x00000001206ee000 	/System/Library/Frameworks/JavaVM.framework/Versions/A/JavaVM
0x00000000049fe000 	/System/Library/Frameworks/Carbon.framework/Versions/A/Carbon
0x00000001206fa000 	/System/Library/PrivateFrameworks/JavaLaunching.framework/Versions/A/JavaLaunching
0x00000000049fe000 	/System/Library/Frameworks/Carbon.framework/Versions/A/Frameworks/CommonPanels.framework/Versions/A/CommonPanels
0x00000000049fe000 	/System/Library/Frameworks/Carbon.framework/Versions/A/Frameworks/Help.framework/Versions/A/Help
0x00000000049fe000 	/System/Library/Frameworks/Carbon.framework/Versions/A/Frameworks/ImageCapture.framework/Versions/A/ImageCapture
0x00000000049fe000 	/System/Library/Frameworks/Carbon.framework/Versions/A/Frameworks/OpenScripting.framework/Versions/A/OpenScripting
0x00000000049fe000 	/System/Library/Frameworks/Carbon.framework/Versions/A/Frameworks/Print.framework/Versions/A/Print
0x00000000049fe000 	/System/Library/Frameworks/Carbon.framework/Versions/A/Frameworks/SecurityHI.framework/Versions/A/SecurityHI
0x000000012288e000 	/Library/Java/JavaVirtualMachines/jdk1.8.0_40.jdk/Contents/Home/jre/lib/libprism_es2.dylib
0x00000000049fe000 	/System/Library/Frameworks/OpenGL.framework/Versions/A/Resources/GLEngine.bundle/GLEngine
0x00000000049fe000 	/System/Library/Frameworks/OpenGL.framework/Versions/A/Libraries/libGLProgrammability.dylib
0x0000000000000000 	/System/Library/Extensions/AppleIntelHD5000GraphicsGLDriver.bundle/Contents/MacOS/AppleIntelHD5000GraphicsGLDriver
0x00000000049fe000 	/System/Library/PrivateFrameworks/IOAccelerator.framework/Versions/A/IOAccelerator
0x00000000049fe000 	/System/Library/PrivateFrameworks/GPUSupport.framework/Versions/A/Libraries/libGPUSupportMercury.dylib
0x00000000049fe000 	/System/Library/Frameworks/OpenGL.framework/Versions/A/Resources/GLRendererFloat.bundle/GLRendererFloat
0x00000000049fe000 	/System/Library/Frameworks/OpenCL.framework/Versions/A/Libraries/libcldcpuengine.dylib
0x00000000049fe000 	/System/Library/PrivateFrameworks/DiskImages.framework/Versions/A/DiskImages
0x00000000049fe000 	/System/Library/Frameworks/DiscRecording.framework/Versions/A/DiscRecording
0x00000000049fe000 	/usr/lib/libcsfde.dylib
0x00000000049fe000 	/usr/lib/libcurl.4.dylib
0x00000000049fe000 	/System/Library/PrivateFrameworks/MediaKit.framework/Versions/A/MediaKit
0x00000000049fe000 	/System/Library/PrivateFrameworks/ProtectedCloudStorage.framework/Versions/A/ProtectedCloudStorage
0x00000000049fe000 	/usr/lib/libCoreStorage.dylib
0x00000000049fe000 	/System/Library/PrivateFrameworks/EFILogin.framework/Versions/A/EFILogin
0x00000000049fe000 	/usr/lib/libutil.dylib
0x00000000049fe000 	/System/Library/PrivateFrameworks/FindMyDevice.framework/Versions/A/FindMyDevice
0x00000000049fe000 	/System/Library/Frameworks/LDAP.framework/Versions/A/LDAP
0x00000000049fe000 	/usr/lib/libsasl2.2.dylib
0x00000000049fe000 	/System/Library/PrivateFrameworks/CoreDaemon.framework/Versions/B/CoreDaemon
0x00000000049fe000 	/usr/lib/libcrypto.0.9.8.dylib
0x00000000049fe000 	/System/Library/PrivateFrameworks/AppleSRP.framework/Versions/A/AppleSRP
0x00000000049fe000 	/System/Library/PrivateFrameworks/TrustEvaluationAgent.framework/Versions/A/TrustEvaluationAgent
0x0000000122d3e000 	/Library/Java/JavaVirtualMachines/jdk1.8.0_40.jdk/Contents/Home/jre/lib/libglass.dylib
0x00000000049fe000 	/System/Library/PrivateFrameworks/CoreServicesInternal.framework/Versions/A/CoreServicesInternal
0x00000000049fe000 	/System/Library/PrivateFrameworks/CloudDocs.framework/Versions/A/CloudDocs
0x00000000049fe000 	/System/Library/PrivateFrameworks/CoreDuet.framework/Versions/A/CoreDuet
0x00000000049fe000 	/System/Library/Frameworks/CloudKit.framework/Versions/A/CloudKit
0x00000000049fe000 	/System/Library/PrivateFrameworks/ProtocolBuffer.framework/Versions/A/ProtocolBuffer
0x00000000049fe000 	/System/Library/PrivateFrameworks/CoreDuetDaemonProtocol.framework/Versions/A/CoreDuetDaemonProtocol
0x00000000049fe000 	/System/Library/PrivateFrameworks/CoreDuetDebugLogging.framework/Versions/A/CoreDuetDebugLogging
0x00000000049fe000 	/System/Library/PrivateFrameworks/MMCS.framework/Versions/A/MMCS
0x00000000049fe000 	/System/Library/Frameworks/CoreLocation.framework/Versions/A/CoreLocation
0x00000000049fe000 	/System/Library/PrivateFrameworks/GeoServices.framework/Versions/A/GeoServices
0x00000000049fe000 	/System/Library/Frameworks/CoreGraphics.framework/Versions/A/Resources/libCGCMS.A.dylib
0x00000000049fe000 	/System/Library/CoreServices/RawCamera.bundle/Contents/MacOS/RawCamera
0x00000000049fe000 	/System/Library/Frameworks/CoreGraphics.framework/Versions/A/Resources/libRIP.A.dylib
0x00000000049fe000 	/System/Library/PrivateFrameworks/FamilyControls.framework/Versions/A/FamilyControls
0x00000000049fe000 	/System/Library/PrivateFrameworks/CommerceKit.framework/Versions/A/Frameworks/CommerceCore.framework/Versions/A/CommerceCore
0x00000000049fe000 	/System/Library/PrivateFrameworks/SystemAdministration.framework/Versions/A/SystemAdministration
0x00000000049fe000 	/System/Library/PrivateFrameworks/AppContainer.framework/Versions/A/AppContainer
0x00000000049fe000 	/System/Library/PrivateFrameworks/SecCodeWrapper.framework/Versions/A/SecCodeWrapper
0x00000000049fe000 	/System/Library/Frameworks/DirectoryService.framework/Versions/A/DirectoryService
0x00000000049fe000 	/System/Library/PrivateFrameworks/LoginUIKit.framework/Versions/A/Frameworks/LoginUICore.framework/Versions/A/LoginUICore
0x00000000049fe000 	/usr/lib/libodfde.dylib
0x000000012699d000 	/Library/Java/JavaVirtualMachines/jdk1.8.0_40.jdk/Contents/Home/jre/lib/libjavafx_font.dylib
0x00000000049fe000 	/System/Library/Frameworks/CoreGraphics.framework/Versions/A/Resources/libCGXType.A.dylib
0x000000012719d000 	/Library/Java/JavaVirtualMachines/jdk1.8.0_40.jdk/Contents/Home/jre/lib/libnet.dylib
0x000000012932f000 	cl_kernels
0x0000000129a07000 	/System/Library/Frameworks/OpenCL.framework/Versions/A/Libraries/ImageFormats/unorm8_bgra.dylib
0x0000000129335000 	cl_kernels
0x000000012a43a000 	/Library/Java/JavaVirtualMachines/jdk1.8.0_40.jdk/Contents/Home/jre/lib/libprism_common.dylib

VM Arguments:
jvm_args: -Dfile.encoding=UTF-8 
java_command: /Users/DavidPuga/Downloads/ArquiSinPedinche/InterfazGatoSingleChafa/dist/run2131363474/InterfazGatoSingleChafa.jar
java_class_path (initial): /Users/DavidPuga/Downloads/ArquiSinPedinche/InterfazGatoSingleChafa/dist/run2131363474/InterfazGatoSingleChafa.jar
Launcher Type: SUN_STANDARD

Environment Variables:
PATH=/usr/bin:/bin:/usr/sbin:/sbin
LD_LIBRARY_PATH=/Library/Java/JavaVirtualMachines/jdk1.8.0_40.jdk/Contents/Home/jre/lib/amd64:/Library/Java/JavaVirtualMachines/jdk1.8.0_40.jdk/Contents/Home/jre/lib/i386:
SHELL=/bin/bash
DYLD_LIBRARY_PATH=/Applications/NetBeans/NetBeans 8.0.2.app/Contents/Resources/NetBeans/webcommon/bin:

Signal Handlers:
SIGSEGV: [libjvm.dylib+0x58ef95], sa_mask[0]=11111111011111110111111111111111, sa_flags=SA_ONSTACK|SA_RESTART|SA_SIGINFO
SIGBUS: [libjvm.dylib+0x58ef95], sa_mask[0]=11111111011111110111111111111111, sa_flags=SA_RESTART|SA_SIGINFO
SIGFPE: [libjvm.dylib+0x46c118], sa_mask[0]=11111111011111110111111111111111, sa_flags=SA_RESTART|SA_SIGINFO
SIGPIPE: [libjvm.dylib+0x46c118], sa_mask[0]=11111111011111110111111111111111, sa_flags=SA_RESTART|SA_SIGINFO
SIGXFSZ: [libjvm.dylib+0x46c118], sa_mask[0]=11111111011111110111111111111111, sa_flags=SA_RESTART|SA_SIGINFO
SIGILL: [libjvm.dylib+0x46c118], sa_mask[0]=11111111011111110111111111111111, sa_flags=SA_RESTART|SA_SIGINFO
SIGUSR1: SIG_DFL, sa_mask[0]=00000000000000000000000000000000, sa_flags=none
SIGUSR2: [libjvm.dylib+0x46bc36], sa_mask[0]=00100000000000000000000000000000, sa_flags=SA_RESTART|SA_SIGINFO
SIGHUP: [libjvm.dylib+0x46a209], sa_mask[0]=11111111011111110111111111111111, sa_flags=SA_RESTART|SA_SIGINFO
SIGINT: SIG_IGN, sa_mask[0]=00000000000000000000000000000000, sa_flags=none
SIGTERM: [libjvm.dylib+0x46a209], sa_mask[0]=11111111011111110111111111111111, sa_flags=SA_RESTART|SA_SIGINFO
SIGQUIT: [libjvm.dylib+0x46a209], sa_mask[0]=11111111011111110111111111111111, sa_flags=SA_RESTART|SA_SIGINFO


---------------  S Y S T E M  ---------------

OS:Bsduname:Darwin 14.3.0 Darwin Kernel Version 14.3.0: Mon Mar 23 11:59:05 PDT 2015; root:xnu-2782.20.48~5/RELEASE_X86_64 x86_64
rlimit: STACK 8192k, CORE 0k, NPROC 709, NOFILE 10240, AS infinity
load average:2.38 2.68 2.56

CPU:total 8 (4 cores per cpu, 2 threads per core) family 6 model 70 stepping 1, cmov, cx8, fxsr, mmx, sse, sse2, sse3, ssse3, sse4.1, sse4.2, popcnt, avx, avx2, aes, clmul, erms, lzcnt, ht, tsc, tscinvbit, bmi1, bmi2

Memory: 4k page, physical 8388608k(412880k free)

/proc/meminfo:


vm_info: Java HotSpot(TM) 64-Bit Server VM (25.40-b25) for bsd-amd64 JRE (1.8.0_40-b27), built on Mar 13 2015 04:46:52 by "java_re" with gcc 4.2.1 (Based on Apple Inc. build 5658) (LLVM build 2336.11.00)

time: Mon May  4 00:35:00 2015
elapsed time: 212 seconds (0d 0h 3m 32s)

