#
# A fatal error has been detected by the Java Runtime Environment:
#
#  SIGSEGV (0xb) at pc=0x00000001e3d2f5dd, pid=1223, tid=1811
#
# JRE version: Java(TM) SE Runtime Environment (8.0_40-b27) (build 1.8.0_40-b27)
# Java VM: Java HotSpot(TM) 64-Bit Server VM (25.40-b25 mixed mode bsd-amd64 compressed oops)
# Problematic frame:
# C  [libglass.dylib+0x155dd]  GlassScreenDidChangeScreenParameters+0x9d
#
# Failed to write core dump. Core dumps have been disabled. To enable core dumping, try "ulimit -c unlimited" before starting Java again
#
# If you would like to submit a bug report, please visit:
#   http://bugreport.java.com/bugreport/crash.jsp
#

---------------  T H R E A D  ---------------

Current thread is native thread

siginfo: si_signo: 11 (SIGSEGV), si_code: 1 (SEGV_MAPERR), si_addr: 0x0000000000000000

Registers:
RAX=0x00000001e3d61bc0, RBX=0x0000000000000000, RCX=0x3b00e691badcb190, RDX=0x00007fe03a77ac00
RSP=0x00007fff57a49f80, RBP=0x00007fff57a49f90, RSI=0x00007fe038612260, RDI=0x0000000000000000
R8 =0x00007fff57a49e30, R9 =0x00007fff730d6300, R10=0x0000000000000000, R11=0x0000000000000246
R12=0x00007fe03852ac70, R13=0x00000000000f426a, R14=0x00007fe038669560, R15=0x00007fff57a4a0d0
RIP=0x00000001e3d2f5dd, EFLAGS=0x0000000000010206, ERR=0x0000000000000004
  TRAPNO=0x000000000000000e

Top of Stack: (sp=0x00007fff57a49f80)
0x00007fff57a49f80:   00007fff57a4a160 00007fe038669560
0x00007fff57a49f90:   00007fff57a49fa0 00007fff886f845c
0x00007fff57a49fa0:   00007fff57a4a300 00007fff885e8634
0x00007fff57a49fb0:   00007fff57a4a000 0000000000003200
0x00007fff57a49fc0:   00007fff720f5ed0 00007fe03a77db20
0x00007fff57a49fd0:   0000000000001005 0000000000000900
0x00007fff57a49fe0:   00007fe03a77db20 00007fe038669560
0x00007fff57a49ff0:   0000000000000000 00007fff57a4a0d0
0x00007fff57a4a000:   0000000000000000 00007fe0386694d0
0x00007fff57a4a010:   00007fff57a4a150 0000000000000060
0x00007fff57a4a020:   00000000000f4352 00007fe03a0084d0
0x00007fff57a4a030:   00007fe038734d10 00007fe03852ac70
0x00007fff57a4a040:   0000000000000001 00000000000f426a
0x00007fff57a4a050:   00007fe03852ac60 00007fff8fea6acb
0x00007fff57a4a060:   0000000000000001 0000000000000001
0x00007fff57a4a070:   0000000000000030 0000000000000001
0x00007fff57a4a080:   00007fff57a4a0a0 00007fff8feac231
0x00007fff57a4a090:   00007fff720f3fb0 0000000000000000
0x00007fff57a4a0a0:   00007fff57a4a0c0 0000000000000002
0x00007fff57a4a0b0:   0008fa038fea653e 00007fe03852ac94
0x00007fff57a4a0c0:   0000000000000000 00007fff885de10f
0x00007fff57a4a0d0:   00007fe038669560 00007fff720f3fb0
0x00007fff57a4a0e0:   00007fff57a4a160 0000000000000004
0x00007fff57a4a0f0:   00007fff57a4a130 00007fff8fea653e
0x00007fff57a4a100:   00000001081d1a00 0000000000000002
0x00007fff57a4a110:   00000001081ce000 00007fe03a006e82
0x00007fff57a4a120:   0000000000000003 00000001081d4c00
0x00007fff57a4a130:   00007fff57a4a220 00007fff8fea52a2
0x00007fff57a4a140:   00007fe038430420 00007fff57a4a308
0x00007fff57a4a150:   0000000000000017 0000000000000000
0x00007fff57a4a160:   00000000000f426a 00007fff885de403
0x00007fff57a4a170:   00007fff00000000 00007fe038631260 

Instructions: (pc=0x00000001e3d2f5dd)
0x00000001e3d2f5bd:   89 df 4c 89 f1 41 ff 90 68 04 00 00 48 8d 05 f8
0x00000001e3d2f5cd:   24 03 00 48 8b 30 48 8d 05 e6 25 03 00 48 8b 10
0x00000001e3d2f5dd:   48 8b 0b 30 c0 48 89 df ff 91 68 04 00 00 48 8b
0x00000001e3d2f5ed:   03 48 89 df ff 50 78 48 85 c0 74 36 49 89 c6 48 

Register to memory mapping:

RAX=0x00000001e3d61bc0: jScreenNotifySettingsChanged+0 in /Library/Java/JavaVirtualMachines/jdk1.8.0_40.jdk/Contents/Home/jre/lib/libglass.dylib at 0x00000001e3d1a000
RBX=0x0000000000000000 is an unknown value
RCX=0x3b00e691badcb190 is an unknown value
RDX=0x00007fe03a77ac00 is an unknown value
RSP=0x00007fff57a49f80 is an unknown value
RBP=0x00007fff57a49f90 is an unknown value
RSI=0x00007fe038612260 is a global jni handle
RDI=0x0000000000000000 is an unknown value
R8 =0x00007fff57a49e30 is an unknown value
R9 =0x00007fff730d6300: _thread+0 in /usr/lib/system/libsystem_pthread.dylib at 0x00007fff8f315000
R10=0x0000000000000000 is an unknown value
R11=0x0000000000000246 is an unknown value
R12=0x00007fe03852ac70 is an unknown value
R13=0x00000000000f426a is an unknown value
R14=0x00007fe038669560 is an unknown value
R15=0x00007fff57a4a0d0 is an unknown value


Stack: [0x00007fff5724d000,0x00007fff57a4d000],  sp=0x00007fff57a49f80,  free space=8179k
Native frames: (J=compiled Java code, j=interpreted, Vv=VM code, C=native code)
C  [libglass.dylib+0x155dd]  GlassScreenDidChangeScreenParameters+0x9d
C  [CoreFoundation+0x12045c]  __CFNOTIFICATIONCENTER_IS_CALLING_OUT_TO_AN_OBSERVER__+0xc
C  [CoreFoundation+0x10634]  _CFXNotificationPost+0xc44
C  [Foundation+0x79d1]  -[NSNotificationCenter postNotificationName:object:userInfo:]+0x42
C  [AppKit+0x40df7e]  -[NSApplication _reactToScreenInvalidationImmediately:]+0x17b
C  [AppKit+0x40ddc7]  __44-[NSApplication _reactToScreenInvalidation:]_block_invoke+0x4b
C  [CoreFoundation+0x808ec]  __CFRUNLOOP_IS_CALLING_OUT_TO_A_BLOCK__+0xc
C  [CoreFoundation+0x729f5]  __CFRunLoopDoBlocks+0x155
C  [CoreFoundation+0x72536]  __CFRunLoopRun+0x716
C  [CoreFoundation+0x71bd8]  CFRunLoopRunSpecific+0x128
C  [java+0x6490]  CreateExecutionEnvironment+0x367
C  [java+0x221c]  JLI_Launch+0x7a0
C  [java+0x84ed]  main+0x65
C  [java+0x1a74]  start+0x34


---------------  P R O C E S S  ---------------

VM state:not at safepoint (normal execution)

VM Mutex/Monitor currently owned by a thread: None

Heap:
 PSYoungGen      total 71680K, used 47728K [0x000000016ef80000, 0x0000000173a80000, 0x0000000199a00000)
  eden space 66560K, 71% used [0x000000016ef80000,0x0000000171e1c008,0x0000000173080000)
  from space 5120K, 0% used [0x0000000173580000,0x0000000173580000,0x0000000173a80000)
  to   space 5120K, 0% used [0x0000000173080000,0x0000000173080000,0x0000000173580000)
 ParOldGen       total 151040K, used 79167K [0x0000000119a00000, 0x0000000122d80000, 0x000000016ef80000)
  object space 151040K, 52% used [0x0000000119a00000,0x000000011e74fe08,0x0000000122d80000)
 Metaspace       used 17265K, capacity 17990K, committed 18176K, reserved 1064960K
  class space    used 2347K, capacity 2515K, committed 2560K, reserved 1048576K

Card table byte_map: [0x0000000199a00000,0x0000000199e01000] byte_map_base: 0x0000000199133000

Marking Bits: (ParMarkBitMap*) 0x0000000109cc27a0
 Begin Bits: [0x000000019a8c4000, 0x000000019c8c4000)
 End Bits:   [0x000000019c8c4000, 0x000000019e8c4000)

Polling page: 0x00000001083fe000

CodeCache: size=245760Kb used=9374Kb max_used=9374Kb free=236385Kb
 bounds [0x000000010a3bd000, 0x000000010aced000, 0x00000001193bd000]
 total_blobs=3678 nmethods=3035 adapters=556
 compilation: enabled

Compilation events (10 events):
Event: 49.194 Thread 0x00007fe038831800 3057       1       javafx.scene.layout.Region::impl_notifyLayoutBoundsChanged (1 bytes)
Event: 49.194 Thread 0x00007fe038831800 nmethod 3057 0x000000010acddf50 code [0x000000010acde0a0, 0x000000010acde1b0]
Event: 49.345 Thread 0x00007fe03980e000 3058       4       java.lang.Long::hashCode (8 bytes)
Event: 49.346 Thread 0x00007fe03980e000 nmethod 3058 0x000000010ac7ca10 code [0x000000010ac7cb60, 0x000000010ac7cbd8]
Event: 50.237 Thread 0x00007fe038831800 3059       3       java.lang.invoke.MemberName::<init> (131 bytes)
Event: 50.238 Thread 0x00007fe038831800 nmethod 3059 0x000000010ace76d0 code [0x000000010ace79a0, 0x000000010ace8d98]
Event: 50.238 Thread 0x00007fe038831800 3060       3       java.lang.invoke.MemberName::hashCode (39 bytes)
Event: 50.239 Thread 0x00007fe038831800 nmethod 3060 0x000000010ace9590 code [0x000000010ace97a0, 0x000000010acea528]
Event: 50.239 Thread 0x00007fe038831800 3061   !   3       java.lang.invoke.MethodHandleNatives::linkMethodHandleConstant (154 bytes)
Event: 50.239 Thread 0x00007fe038831800 nmethod 3061 0x000000010acea990 code [0x000000010aceac00, 0x000000010aceb888]

GC Heap History (10 events):
Event: 1.060 GC heap before
{Heap before GC invocations=1 (full 0):
 PSYoungGen      total 38400K, used 33280K [0x000000016ef80000, 0x0000000171a00000, 0x0000000199a00000)
  eden space 33280K, 100% used [0x000000016ef80000,0x0000000171000000,0x0000000171000000)
  from space 5120K, 0% used [0x0000000171500000,0x0000000171500000,0x0000000171a00000)
  to   space 5120K, 0% used [0x0000000171000000,0x0000000171000000,0x0000000171500000)
 ParOldGen       total 87552K, used 0K [0x0000000119a00000, 0x000000011ef80000, 0x000000016ef80000)
  object space 87552K, 0% used [0x0000000119a00000,0x0000000119a00000,0x000000011ef80000)
 Metaspace       used 11236K, capacity 11652K, committed 11904K, reserved 1058816K
  class space    used 1455K, capacity 1594K, committed 1664K, reserved 1048576K
Event: 1.070 GC heap after
Heap after GC invocations=1 (full 0):
 PSYoungGen      total 38400K, used 5105K [0x000000016ef80000, 0x0000000171a00000, 0x0000000199a00000)
  eden space 33280K, 0% used [0x000000016ef80000,0x000000016ef80000,0x0000000171000000)
  from space 5120K, 99% used [0x0000000171000000,0x00000001714fc520,0x0000000171500000)
  to   space 5120K, 0% used [0x0000000171500000,0x0000000171500000,0x0000000171a00000)
 ParOldGen       total 87552K, used 3818K [0x0000000119a00000, 0x000000011ef80000, 0x000000016ef80000)
  object space 87552K, 4% used [0x0000000119a00000,0x0000000119dba920,0x000000011ef80000)
 Metaspace       used 11236K, capacity 11652K, committed 11904K, reserved 1058816K
  class space    used 1455K, capacity 1594K, committed 1664K, reserved 1048576K
}
Event: 1.255 GC heap before
{Heap before GC invocations=2 (full 0):
 PSYoungGen      total 38400K, used 35643K [0x000000016ef80000, 0x0000000171a00000, 0x0000000199a00000)
  eden space 33280K, 91% used [0x000000016ef80000,0x0000000170d528b0,0x0000000171000000)
  from space 5120K, 99% used [0x0000000171000000,0x00000001714fc520,0x0000000171500000)
  to   space 5120K, 0% used [0x0000000171500000,0x0000000171500000,0x0000000171a00000)
 ParOldGen       total 87552K, used 3818K [0x0000000119a00000, 0x000000011ef80000, 0x000000016ef80000)
  object space 87552K, 4% used [0x0000000119a00000,0x0000000119dba920,0x000000011ef80000)
 Metaspace       used 11286K, capacity 11728K, committed 11904K, reserved 1058816K
  class space    used 1457K, capacity 1596K, committed 1664K, reserved 1048576K
Event: 1.269 GC heap after
Heap after GC invocations=2 (full 0):
 PSYoungGen      total 38400K, used 4506K [0x000000016ef80000, 0x0000000173a80000, 0x0000000199a00000)
  eden space 33280K, 0% used [0x000000016ef80000,0x000000016ef80000,0x0000000171000000)
  from space 5120K, 88% used [0x0000000171500000,0x0000000171966910,0x0000000171a00000)
  to   space 5120K, 0% used [0x0000000171000000,0x0000000171000000,0x0000000171500000)
 ParOldGen       total 87552K, used 33380K [0x0000000119a00000, 0x000000011ef80000, 0x000000016ef80000)
  object space 87552K, 38% used [0x0000000119a00000,0x000000011ba990c0,0x000000011ef80000)
 Metaspace       used 11286K, capacity 11728K, committed 11904K, reserved 1058816K
  class space    used 1457K, capacity 1596K, committed 1664K, reserved 1048576K
}
Event: 1.465 GC heap before
{Heap before GC invocations=3 (full 0):
 PSYoungGen      total 38400K, used 36647K [0x000000016ef80000, 0x0000000173a80000, 0x0000000199a00000)
  eden space 33280K, 96% used [0x000000016ef80000,0x0000000170ee3610,0x0000000171000000)
  from space 5120K, 88% used [0x0000000171500000,0x0000000171966910,0x0000000171a00000)
  to   space 5120K, 0% used [0x0000000171000000,0x0000000171000000,0x0000000171500000)
 ParOldGen       total 87552K, used 33380K [0x0000000119a00000, 0x000000011ef80000, 0x000000016ef80000)
  object space 87552K, 38% used [0x0000000119a00000,0x000000011ba990c0,0x000000011ef80000)
 Metaspace       used 11842K, capacity 12278K, committed 12544K, reserved 1060864K
  class space    used 1541K, capacity 1677K, committed 1792K, reserved 1048576K
Event: 1.480 GC heap after
Heap after GC invocations=3 (full 0):
 PSYoungGen      total 38400K, used 4699K [0x000000016ef80000, 0x0000000173a80000, 0x0000000199a00000)
  eden space 33280K, 0% used [0x000000016ef80000,0x000000016ef80000,0x0000000171000000)
  from space 5120K, 91% used [0x0000000171000000,0x0000000171496e88,0x0000000171500000)
  to   space 5120K, 0% used [0x0000000173580000,0x0000000173580000,0x0000000173a80000)
 ParOldGen       total 87552K, used 49716K [0x0000000119a00000, 0x000000011ef80000, 0x000000016ef80000)
  object space 87552K, 56% used [0x0000000119a00000,0x000000011ca8d1a0,0x000000011ef80000)
 Metaspace       used 11842K, capacity 12278K, committed 12544K, reserved 1060864K
  class space    used 1541K, capacity 1677K, committed 1792K, reserved 1048576K
}
Event: 1.533 GC heap before
{Heap before GC invocations=4 (full 0):
 PSYoungGen      total 38400K, used 36554K [0x000000016ef80000, 0x0000000173a80000, 0x0000000199a00000)
  eden space 33280K, 95% used [0x000000016ef80000,0x0000000170e9b980,0x0000000171000000)
  from space 5120K, 91% used [0x0000000171000000,0x0000000171496e88,0x0000000171500000)
  to   space 5120K, 0% used [0x0000000173580000,0x0000000173580000,0x0000000173a80000)
 ParOldGen       total 87552K, used 49716K [0x0000000119a00000, 0x000000011ef80000, 0x000000016ef80000)
  object space 87552K, 56% used [0x0000000119a00000,0x000000011ca8d1a0,0x000000011ef80000)
 Metaspace       used 11845K, capacity 12278K, committed 12544K, reserved 1060864K
  class space    used 1541K, capacity 1677K, committed 1792K, reserved 1048576K
Event: 1.566 GC heap after
Heap after GC invocations=4 (full 0):
 PSYoungGen      total 71680K, used 4635K [0x000000016ef80000, 0x0000000173a80000, 0x0000000199a00000)
  eden space 66560K, 0% used [0x000000016ef80000,0x000000016ef80000,0x0000000173080000)
  from space 5120K, 90% used [0x0000000173580000,0x0000000173a06e88,0x0000000173a80000)
  to   space 5120K, 0% used [0x0000000173080000,0x0000000173080000,0x0000000173580000)
 ParOldGen       total 87552K, used 77224K [0x0000000119a00000, 0x000000011ef80000, 0x000000016ef80000)
  object space 87552K, 88% used [0x0000000119a00000,0x000000011e56a250,0x000000011ef80000)
 Metaspace       used 11845K, capacity 12278K, committed 12544K, reserved 1060864K
  class space    used 1541K, capacity 1677K, committed 1792K, reserved 1048576K
}
Event: 1.566 GC heap before
{Heap before GC invocations=5 (full 1):
 PSYoungGen      total 71680K, used 4635K [0x000000016ef80000, 0x0000000173a80000, 0x0000000199a00000)
  eden space 66560K, 0% used [0x000000016ef80000,0x000000016ef80000,0x0000000173080000)
  from space 5120K, 90% used [0x0000000173580000,0x0000000173a06e88,0x0000000173a80000)
  to   space 5120K, 0% used [0x0000000173080000,0x0000000173080000,0x0000000173580000)
 ParOldGen       total 87552K, used 77224K [0x0000000119a00000, 0x000000011ef80000, 0x000000016ef80000)
  object space 87552K, 88% used [0x0000000119a00000,0x000000011e56a250,0x000000011ef80000)
 Metaspace       used 11845K, capacity 12278K, committed 12544K, reserved 1060864K
  class space    used 1541K, capacity 1677K, committed 1792K, reserved 1048576K
Event: 1.586 GC heap after
Heap after GC invocations=5 (full 1):
 PSYoungGen      total 71680K, used 0K [0x000000016ef80000, 0x0000000173a80000, 0x0000000199a00000)
  eden space 66560K, 0% used [0x000000016ef80000,0x000000016ef80000,0x0000000173080000)
  from space 5120K, 0% used [0x0000000173580000,0x0000000173580000,0x0000000173a80000)
  to   space 5120K, 0% used [0x0000000173080000,0x0000000173080000,0x0000000173580000)
 ParOldGen       total 151040K, used 79167K [0x0000000119a00000, 0x0000000122d80000, 0x000000016ef80000)
  object space 151040K, 52% used [0x0000000119a00000,0x000000011e74fe08,0x0000000122d80000)
 Metaspace       used 11845K, capacity 12278K, committed 12544K, reserved 1060864K
  class space    used 1541K, capacity 1677K, committed 1792K, reserved 1048576K
}

Deoptimization events (10 events):
Event: 1.930 Thread 0x00007fe03899d800 Uncommon trap: reason=class_check action=maybe_recompile pc=0x000000010a4e321c method=java.lang.String.equals(Ljava/lang/Object;)Z @ 8
Event: 1.955 Thread 0x00007fe03899d800 Uncommon trap: reason=unstable_if action=reinterpret pc=0x000000010a6b0d7c method=java.util.HashMap.putVal(ILjava/lang/Object;Ljava/lang/Object;ZZ)Ljava/lang/Object; @ 193
Event: 2.083 Thread 0x00007fe03899d800 Uncommon trap: reason=unstable_if action=reinterpret pc=0x000000010a887874 method=jdk.internal.org.objectweb.asm.Type.getArgumentsAndReturnSizes(Ljava/lang/String;)I @ 47
Event: 2.126 Thread 0x00007fe039880800 Uncommon trap: reason=unstable_if action=reinterpret pc=0x000000010a857864 method=sun.net.www.ParseUtil.encodePath(Ljava/lang/String;Z)Ljava/lang/String; @ 109
Event: 15.429 Thread 0x00007fe03899d800 Uncommon trap: reason=unstable_if action=reinterpret pc=0x000000010a733dcc method=java.lang.CharacterDataLatin1.toUpperCase(I)I @ 12
Event: 15.446 Thread 0x00007fe03899d800 Uncommon trap: reason=unstable_if action=reinterpret pc=0x000000010a8664ac method=java.lang.ClassLoader.checkName(Ljava/lang/String;)Z @ 20
Event: 33.344 Thread 0x00007fe03899d800 Uncommon trap: reason=unstable_if action=reinterpret pc=0x000000010ac7d88c method=com.sun.javafx.css.ParsedValueImpl.containsFontRelativeSize(Ljavafx/css/ParsedValue;Z)Z @ 56
Event: 50.216 Thread 0x00007fe03899d800 Uncommon trap: reason=unstable_if action=reinterpret pc=0x000000010acde790 method=com.sun.javafx.tk.quantum.QuantumToolkit.runWithoutRenderLock(Ljava/util/function/Supplier;)Ljava/lang/Object; @ 8
Event: 50.238 Thread 0x00007fe03899d800 Uncommon trap: reason=unstable_if action=reinterpret pc=0x000000010a59f4b0 method=java.util.concurrent.locks.ReentrantLock$NonfairSync.lock()V @ 6
Event: 50.238 Thread 0x00007fe03899d800 Uncommon trap: reason=unstable_if action=reinterpret pc=0x000000010ac193e4 method=java.util.concurrent.locks.ReentrantLock$Sync.tryRelease(I)Z @ 28

Internal exceptions (10 events):
Event: 0.196 Thread 0x00007fe03a800800 Exception <a 'java/lang/NullPointerException'> (0x000000016f321c80) thrown at [/Users/java_re/workspace/8-2-build-macosx-x86_64/jdk8u40/3153/hotspot/src/share/vm/interpreter/linkResolver.cpp, line 1178]
Event: 0.516 Thread 0x00007fe03899d800 Exception <a 'java/lang/NullPointerException'> (0x000000016fc64758) thrown at [/Users/java_re/workspace/8-2-build-macosx-x86_64/jdk8u40/3153/hotspot/src/share/vm/interpreter/linkResolver.cpp, line 1178]
Event: 0.516 Thread 0x00007fe03899d800 Exception <a 'java/lang/NullPointerException'> (0x000000016fc64758) thrown at [/Users/java_re/workspace/8-2-build-macosx-x86_64/jdk8u40/3153/hotspot/src/share/vm/prims/jvm.cpp, line 1386]
Event: 0.644 Thread 0x00007fe03899d800 Exception <a 'java/lang/ArrayIndexOutOfBoundsException'> (0x000000017016a940) thrown at [/Users/java_re/workspace/8-2-build-macosx-x86_64/jdk8u40/3153/hotspot/src/share/vm/runtime/sharedRuntime.cpp, line 605]
Event: 0.644 Thread 0x00007fe03899d800 Exception <a 'java/lang/ArrayIndexOutOfBoundsException'> (0x000000017016b400) thrown at [/Users/java_re/workspace/8-2-build-macosx-x86_64/jdk8u40/3153/hotspot/src/share/vm/runtime/sharedRuntime.cpp, line 605]
Event: 0.645 Thread 0x00007fe03899d800 Exception <a 'java/lang/ArrayIndexOutOfBoundsException'> (0x000000017016c6f8) thrown at [/Users/java_re/workspace/8-2-build-macosx-x86_64/jdk8u40/3153/hotspot/src/share/vm/runtime/sharedRuntime.cpp, line 605]
Event: 1.832 Thread 0x00007fe03899d800 Implicit null exception at 0x000000010a6be975 to 0x000000010a6bebad
Event: 1.832 Thread 0x00007fe03899d800 Implicit null exception at 0x000000010a6b9f7b to 0x000000010a6ba9a9
Event: 1.834 Thread 0x00007fe03899d800 Implicit null exception at 0x000000010a7b9f2f to 0x000000010a7b9f99
Event: 18.063 Thread 0x00007fe03aaf0800 Exception <a 'java/lang/ArrayIndexOutOfBoundsException': 2> (0x00000001703f61f8) thrown at [/Users/java_re/workspace/8-2-build-macosx-x86_64/jdk8u40/3153/hotspot/src/share/vm/interpreter/interpreterRuntime.cpp, line 366]

Events (10 events):
Event: 50.238 Thread 0x00007fe03899d800 Uncommon trap: trap_request=0xffffff65 fr.pc=0x000000010ac193e4
Event: 50.238 Thread 0x00007fe03899d800 DEOPT PACKING pc=0x000000010ac193e4 sp=0x00007fff57a46b60
Event: 50.238 Thread 0x00007fe03899d800 DEOPT UNPACKING pc=0x000000010a3c2229 sp=0x00007fff57a46b08 mode 2
Event: 50.238 loading class com/sun/javafx/tk/quantum/QuantumToolkit
Event: 50.238 loading class com/sun/javafx/tk/quantum/QuantumToolkit done
Event: 50.238 Thread 0x00007fe039880800 Thread exited: 0x00007fe039880800
Event: 50.238 Thread 0x00007fe03a986800 Thread exited: 0x00007fe03a986800
Event: 50.238 Thread 0x00007fe03a800800 Thread exited: 0x00007fe03a800800
Event: 50.238 Thread 0x00007fe03899d800 Thread exited: 0x00007fe03899d800
Event: 50.238 Thread 0x00007fe03e018800 Thread added: 0x00007fe03e018800


Dynamic libraries:
0x0000000000dbc000 	/System/Library/Frameworks/Cocoa.framework/Versions/A/Cocoa
0x0000000000dbc000 	/System/Library/Frameworks/Security.framework/Versions/A/Security
0x0000000000dbc000 	/System/Library/Frameworks/ApplicationServices.framework/Versions/A/ApplicationServices
0x0000000000dbc000 	/usr/lib/libz.1.dylib
0x0000000000dbc000 	/usr/lib/libSystem.B.dylib
0x0000000000dbc000 	/usr/lib/libobjc.A.dylib
0x0000000000dbc000 	/System/Library/Frameworks/CoreFoundation.framework/Versions/A/CoreFoundation
0x0000000000dbc000 	/System/Library/Frameworks/Foundation.framework/Versions/C/Foundation
0x0000000000dbc000 	/System/Library/Frameworks/AppKit.framework/Versions/C/AppKit
0x0000000000dbc000 	/System/Library/Frameworks/CoreData.framework/Versions/A/CoreData
0x0000000000dbc000 	/System/Library/PrivateFrameworks/RemoteViewServices.framework/Versions/A/RemoteViewServices
0x0000000000dbc000 	/System/Library/PrivateFrameworks/UIFoundation.framework/Versions/A/UIFoundation
0x0000000000dbc000 	/System/Library/Frameworks/IOSurface.framework/Versions/A/IOSurface
0x0000000000dbc000 	/System/Library/Frameworks/AudioToolbox.framework/Versions/A/AudioToolbox
0x0000000000dbc000 	/System/Library/Frameworks/AudioUnit.framework/Versions/A/AudioUnit
0x0000000000dbc000 	/System/Library/PrivateFrameworks/DataDetectorsCore.framework/Versions/A/DataDetectorsCore
0x0000000000dbc000 	/System/Library/PrivateFrameworks/DesktopServicesPriv.framework/Versions/A/DesktopServicesPriv
0x0000000000dbc000 	/System/Library/Frameworks/Carbon.framework/Versions/A/Frameworks/HIToolbox.framework/Versions/A/HIToolbox
0x0000000000dbc000 	/System/Library/Frameworks/QuartzCore.framework/Versions/A/QuartzCore
0x0000000000dbc000 	/System/Library/Frameworks/Carbon.framework/Versions/A/Frameworks/SpeechRecognition.framework/Versions/A/SpeechRecognition
0x0000000000dbc000 	/usr/lib/libauto.dylib
0x0000000000dbc000 	/usr/lib/libicucore.A.dylib
0x0000000000dbc000 	/usr/lib/libxml2.2.dylib
0x0000000000dbc000 	/System/Library/PrivateFrameworks/CoreUI.framework/Versions/A/CoreUI
0x0000000000dbc000 	/System/Library/Frameworks/CoreAudio.framework/Versions/A/CoreAudio
0x0000000000dbc000 	/System/Library/Frameworks/DiskArbitration.framework/Versions/A/DiskArbitration
0x0000000000dbc000 	/usr/lib/liblangid.dylib
0x0000000000dbc000 	/System/Library/PrivateFrameworks/MultitouchSupport.framework/Versions/A/MultitouchSupport
0x0000000000dbc000 	/System/Library/Frameworks/IOKit.framework/Versions/A/IOKit
0x0000000000dbc000 	/usr/lib/libDiagnosticMessagesClient.dylib
0x0000000000dbc000 	/System/Library/Frameworks/CoreServices.framework/Versions/A/CoreServices
0x0000000000dbc000 	/System/Library/PrivateFrameworks/PerformanceAnalysis.framework/Versions/A/PerformanceAnalysis
0x0000000000dbc000 	/System/Library/PrivateFrameworks/GenerationalStorage.framework/Versions/A/GenerationalStorage
0x0000000000dbc000 	/System/Library/Frameworks/OpenGL.framework/Versions/A/OpenGL
0x0000000000dbc000 	/System/Library/PrivateFrameworks/Sharing.framework/Versions/A/Sharing
0x0000000000dbc000 	/System/Library/Frameworks/CoreGraphics.framework/Versions/A/CoreGraphics
0x0000000000dbc000 	/System/Library/Frameworks/CoreText.framework/Versions/A/CoreText
0x0000000000dbc000 	/System/Library/Frameworks/ImageIO.framework/Versions/A/ImageIO
0x0000000000dbc000 	/usr/lib/libextension.dylib
0x0000000000dbc000 	/System/Library/PrivateFrameworks/Backup.framework/Versions/A/Backup
0x0000000000dbc000 	/usr/lib/libarchive.2.dylib
0x0000000000dbc000 	/System/Library/Frameworks/CFNetwork.framework/Versions/A/CFNetwork
0x0000000000dbc000 	/System/Library/Frameworks/SystemConfiguration.framework/Versions/A/SystemConfiguration
0x0000000000dbc000 	/usr/lib/libCRFSuite.dylib
0x0000000000dbc000 	/usr/lib/libc++.1.dylib
0x0000000000dbc000 	/usr/lib/libc++abi.dylib
0x0000000000dbc000 	/usr/lib/system/libcache.dylib
0x0000000000dbc000 	/usr/lib/system/libcommonCrypto.dylib
0x0000000000dbc000 	/usr/lib/system/libcompiler_rt.dylib
0x0000000000dbc000 	/usr/lib/system/libcopyfile.dylib
0x0000000000dbc000 	/usr/lib/system/libcorecrypto.dylib
0x0000000000dbc000 	/usr/lib/system/libdispatch.dylib
0x0000000000dbc000 	/usr/lib/system/libdyld.dylib
0x0000000000dbc000 	/usr/lib/system/libkeymgr.dylib
0x0000000000dbc000 	/usr/lib/system/liblaunch.dylib
0x0000000000dbc000 	/usr/lib/system/libmacho.dylib
0x0000000000dbc000 	/usr/lib/system/libquarantine.dylib
0x0000000000dbc000 	/usr/lib/system/libremovefile.dylib
0x0000000000dbc000 	/usr/lib/system/libsystem_asl.dylib
0x0000000000dbc000 	/usr/lib/system/libsystem_blocks.dylib
0x0000000000dbc000 	/usr/lib/system/libsystem_c.dylib
0x0000000000dbc000 	/usr/lib/system/libsystem_configuration.dylib
0x0000000000dbc000 	/usr/lib/system/libsystem_coreservices.dylib
0x0000000000dbc000 	/usr/lib/system/libsystem_coretls.dylib
0x0000000000dbc000 	/usr/lib/system/libsystem_dnssd.dylib
0x0000000000dbc000 	/usr/lib/system/libsystem_info.dylib
0x0000000000dbc000 	/usr/lib/system/libsystem_kernel.dylib
0x0000000000dbc000 	/usr/lib/system/libsystem_m.dylib
0x0000000000dbc000 	/usr/lib/system/libsystem_malloc.dylib
0x0000000000dbc000 	/usr/lib/system/libsystem_network.dylib
0x0000000000dbc000 	/usr/lib/system/libsystem_networkextension.dylib
0x0000000000dbc000 	/usr/lib/system/libsystem_notify.dylib
0x0000000000dbc000 	/usr/lib/system/libsystem_platform.dylib
0x0000000000dbc000 	/usr/lib/system/libsystem_pthread.dylib
0x0000000000dbc000 	/usr/lib/system/libsystem_sandbox.dylib
0x0000000000dbc000 	/usr/lib/system/libsystem_secinit.dylib
0x0000000000dbc000 	/usr/lib/system/libsystem_stats.dylib
0x0000000000dbc000 	/usr/lib/system/libsystem_trace.dylib
0x0000000000dbc000 	/usr/lib/system/libunc.dylib
0x0000000000dbc000 	/usr/lib/system/libunwind.dylib
0x0000000000dbc000 	/usr/lib/system/libxpc.dylib
0x0000000000dbc000 	/usr/lib/libbz2.1.0.dylib
0x0000000000dbc000 	/usr/lib/liblzma.5.dylib
0x0000000000dbc000 	/usr/lib/libbsm.0.dylib
0x0000000000dbc000 	/usr/lib/libsqlite3.dylib
0x0000000000dbc000 	/usr/lib/system/libkxld.dylib
0x0000000000dbc000 	/usr/lib/libxar.1.dylib
0x0000000000dbc000 	/usr/lib/libpam.2.dylib
0x0000000000dbc000 	/usr/lib/libOpenScriptingUtil.dylib
0x0000000000dbc000 	/System/Library/Frameworks/CoreServices.framework/Versions/A/Frameworks/FSEvents.framework/Versions/A/FSEvents
0x0000000000dbc000 	/System/Library/Frameworks/CoreServices.framework/Versions/A/Frameworks/CarbonCore.framework/Versions/A/CarbonCore
0x0000000000dbc000 	/System/Library/Frameworks/CoreServices.framework/Versions/A/Frameworks/Metadata.framework/Versions/A/Metadata
0x0000000000dbc000 	/System/Library/Frameworks/CoreServices.framework/Versions/A/Frameworks/OSServices.framework/Versions/A/OSServices
0x0000000000dbc000 	/System/Library/Frameworks/CoreServices.framework/Versions/A/Frameworks/SearchKit.framework/Versions/A/SearchKit
0x0000000000dbc000 	/System/Library/Frameworks/CoreServices.framework/Versions/A/Frameworks/AE.framework/Versions/A/AE
0x0000000000dbc000 	/System/Library/Frameworks/CoreServices.framework/Versions/A/Frameworks/LaunchServices.framework/Versions/A/LaunchServices
0x0000000000dbc000 	/System/Library/Frameworks/CoreServices.framework/Versions/A/Frameworks/DictionaryServices.framework/Versions/A/DictionaryServices
0x0000000000dbc000 	/System/Library/Frameworks/NetFS.framework/Versions/A/NetFS
0x0000000000dbc000 	/System/Library/PrivateFrameworks/NetAuth.framework/Versions/A/NetAuth
0x0000000000dbc000 	/System/Library/PrivateFrameworks/login.framework/Versions/A/Frameworks/loginsupport.framework/Versions/A/loginsupport
0x0000000000dbc000 	/System/Library/PrivateFrameworks/TCC.framework/Versions/A/TCC
0x0000000000dbc000 	/usr/lib/libmecabra.dylib
0x0000000000dbc000 	/System/Library/Frameworks/ApplicationServices.framework/Versions/A/Frameworks/ATS.framework/Versions/A/ATS
0x0000000000dbc000 	/System/Library/Frameworks/ApplicationServices.framework/Versions/A/Frameworks/ColorSync.framework/Versions/A/ColorSync
0x0000000000dbc000 	/System/Library/Frameworks/ApplicationServices.framework/Versions/A/Frameworks/HIServices.framework/Versions/A/HIServices
0x0000000000dbc000 	/System/Library/Frameworks/ApplicationServices.framework/Versions/A/Frameworks/LangAnalysis.framework/Versions/A/LangAnalysis
0x0000000000dbc000 	/System/Library/Frameworks/ApplicationServices.framework/Versions/A/Frameworks/PrintCore.framework/Versions/A/PrintCore
0x0000000000dbc000 	/System/Library/Frameworks/ApplicationServices.framework/Versions/A/Frameworks/QD.framework/Versions/A/QD
0x0000000000dbc000 	/System/Library/Frameworks/ApplicationServices.framework/Versions/A/Frameworks/SpeechSynthesis.framework/Versions/A/SpeechSynthesis
0x0000000000dbc000 	/System/Library/Frameworks/Accelerate.framework/Versions/A/Accelerate
0x0000000000dbc000 	/System/Library/Frameworks/Accelerate.framework/Versions/A/Frameworks/vImage.framework/Versions/A/vImage
0x0000000000dbc000 	/System/Library/Frameworks/Accelerate.framework/Versions/A/Frameworks/vecLib.framework/Versions/A/vecLib
0x0000000000dbc000 	/System/Library/Frameworks/Accelerate.framework/Versions/A/Frameworks/vecLib.framework/Versions/A/libvDSP.dylib
0x0000000000dbc000 	/System/Library/Frameworks/Accelerate.framework/Versions/A/Frameworks/vecLib.framework/Versions/A/libvMisc.dylib
0x0000000000dbc000 	/System/Library/Frameworks/Accelerate.framework/Versions/A/Frameworks/vecLib.framework/Versions/A/libLAPACK.dylib
0x0000000000dbc000 	/System/Library/Frameworks/Accelerate.framework/Versions/A/Frameworks/vecLib.framework/Versions/A/libBLAS.dylib
0x0000000000dbc000 	/System/Library/Frameworks/Accelerate.framework/Versions/A/Frameworks/vecLib.framework/Versions/A/libLinearAlgebra.dylib
0x0000000000dbc000 	/System/Library/Frameworks/ApplicationServices.framework/Versions/A/Frameworks/ATS.framework/Versions/A/Resources/libFontParser.dylib
0x0000000000dbc000 	/System/Library/Frameworks/ApplicationServices.framework/Versions/A/Frameworks/ATS.framework/Versions/A/Resources/libFontRegistry.dylib
0x0000000000dbc000 	/System/Library/PrivateFrameworks/AppleVPA.framework/Versions/A/AppleVPA
0x0000000000dbc000 	/System/Library/PrivateFrameworks/AppleJPEG.framework/Versions/A/AppleJPEG
0x0000000000dbc000 	/System/Library/Frameworks/ImageIO.framework/Versions/A/Resources/libJPEG.dylib
0x0000000000dbc000 	/System/Library/Frameworks/ImageIO.framework/Versions/A/Resources/libTIFF.dylib
0x0000000000dbc000 	/System/Library/Frameworks/ImageIO.framework/Versions/A/Resources/libPng.dylib
0x0000000000dbc000 	/System/Library/Frameworks/ImageIO.framework/Versions/A/Resources/libGIF.dylib
0x0000000000dbc000 	/System/Library/Frameworks/ImageIO.framework/Versions/A/Resources/libJP2.dylib
0x0000000000dbc000 	/System/Library/Frameworks/ImageIO.framework/Versions/A/Resources/libRadiance.dylib
0x0000000000dbc000 	/System/Library/Frameworks/CoreVideo.framework/Versions/A/CoreVideo
0x0000000000dbc000 	/System/Library/Frameworks/OpenGL.framework/Versions/A/Libraries/libGLU.dylib
0x0000000000dbc000 	/System/Library/Frameworks/OpenGL.framework/Versions/A/Libraries/libGFXShared.dylib
0x0000000000dbc000 	/System/Library/Frameworks/OpenGL.framework/Versions/A/Libraries/libGL.dylib
0x0000000000dbc000 	/System/Library/Frameworks/OpenGL.framework/Versions/A/Libraries/libGLImage.dylib
0x0000000000dbc000 	/System/Library/Frameworks/OpenGL.framework/Versions/A/Libraries/libCVMSPluginSupport.dylib
0x0000000000dbc000 	/System/Library/Frameworks/OpenGL.framework/Versions/A/Libraries/libCoreVMClient.dylib
0x0000000000dbc000 	/usr/lib/libcups.2.dylib
0x0000000000dbc000 	/System/Library/Frameworks/Kerberos.framework/Versions/A/Kerberos
0x0000000000dbc000 	/System/Library/Frameworks/GSS.framework/Versions/A/GSS
0x0000000000dbc000 	/usr/lib/libresolv.9.dylib
0x0000000000dbc000 	/usr/lib/libiconv.2.dylib
0x0000000000dbc000 	/System/Library/PrivateFrameworks/Heimdal.framework/Versions/A/Heimdal
0x0000000000dbc000 	/usr/lib/libheimdal-asn1.dylib
0x0000000000dbc000 	/System/Library/Frameworks/OpenDirectory.framework/Versions/A/OpenDirectory
0x0000000000dbc000 	/System/Library/PrivateFrameworks/CommonAuth.framework/Versions/A/CommonAuth
0x0000000000dbc000 	/System/Library/Frameworks/OpenDirectory.framework/Versions/A/Frameworks/CFOpenDirectory.framework/Versions/A/CFOpenDirectory
0x0000000000dbc000 	/System/Library/Frameworks/SecurityFoundation.framework/Versions/A/SecurityFoundation
0x0000000000dbc000 	/System/Library/PrivateFrameworks/LanguageModeling.framework/Versions/A/LanguageModeling
0x0000000000dbc000 	/usr/lib/libcmph.dylib
0x0000000000dbc000 	/System/Library/Frameworks/ServiceManagement.framework/Versions/A/ServiceManagement
0x0000000000dbc000 	/usr/lib/libxslt.1.dylib
0x0000000000dbc000 	/System/Library/Frameworks/Carbon.framework/Versions/A/Frameworks/Ink.framework/Versions/A/Ink
0x0000000000dbc000 	/System/Library/Frameworks/QuartzCore.framework/Versions/A/Frameworks/CoreImage.framework/Versions/A/CoreImage
0x0000000000dbc000 	/System/Library/PrivateFrameworks/CrashReporterSupport.framework/Versions/A/CrashReporterSupport
0x0000000000dbc000 	/System/Library/Frameworks/OpenCL.framework/Versions/A/OpenCL
0x0000000000dbc000 	/System/Library/PrivateFrameworks/FaceCore.framework/Versions/A/FaceCore
0x0000000000dbc000 	/System/Library/PrivateFrameworks/Ubiquity.framework/Versions/A/Ubiquity
0x0000000000dbc000 	/System/Library/PrivateFrameworks/IconServices.framework/Versions/A/IconServices
0x0000000000dbc000 	/System/Library/PrivateFrameworks/ChunkingLibrary.framework/Versions/A/ChunkingLibrary
0x0000000000dbc000 	/System/Library/PrivateFrameworks/Apple80211.framework/Versions/A/Apple80211
0x0000000000dbc000 	/System/Library/Frameworks/CoreWLAN.framework/Versions/A/CoreWLAN
0x0000000000dbc000 	/System/Library/Frameworks/IOBluetooth.framework/Versions/A/IOBluetooth
0x0000000000dbc000 	/System/Library/PrivateFrameworks/CoreWiFi.framework/Versions/A/CoreWiFi
0x0000000000dbc000 	/System/Library/Frameworks/CoreBluetooth.framework/Versions/A/CoreBluetooth
0x0000000000dbc000 	/System/Library/PrivateFrameworks/DebugSymbols.framework/Versions/A/DebugSymbols
0x0000000000dbc000 	/System/Library/PrivateFrameworks/CoreSymbolication.framework/Versions/A/CoreSymbolication
0x0000000000dbc000 	/System/Library/PrivateFrameworks/Symbolication.framework/Versions/A/Symbolication
0x0000000000dbc000 	/System/Library/PrivateFrameworks/SpeechRecognitionCore.framework/Versions/A/SpeechRecognitionCore
0x0000000109400000 	/Library/Java/JavaVirtualMachines/jdk1.8.0_40.jdk/Contents/Home/jre/lib/server/libjvm.dylib
0x0000000000dbc000 	/usr/lib/libstdc++.6.dylib
0x000000010a369000 	/Library/Java/JavaVirtualMachines/jdk1.8.0_40.jdk/Contents/Home/jre/lib/libverify.dylib
0x000000010a377000 	/Library/Java/JavaVirtualMachines/jdk1.8.0_40.jdk/Contents/Home/jre/lib/libjava.dylib
0x000000010a3b4000 	/Library/Java/JavaVirtualMachines/jdk1.8.0_40.jdk/Contents/Home/jre/lib/libzip.dylib
0x00000001e1698000 	/System/Library/Frameworks/JavaVM.framework/Frameworks/JavaRuntimeSupport.framework/JavaRuntimeSupport
0x00000001e16ae000 	/System/Library/Frameworks/JavaVM.framework/Versions/A/Frameworks/JavaNativeFoundation.framework/Versions/A/JavaNativeFoundation
0x00000001e16c2000 	/System/Library/Frameworks/JavaVM.framework/Versions/A/JavaVM
0x0000000000dbc000 	/System/Library/Frameworks/Carbon.framework/Versions/A/Carbon
0x00000001e16ce000 	/System/Library/PrivateFrameworks/JavaLaunching.framework/Versions/A/JavaLaunching
0x0000000000dbc000 	/System/Library/Frameworks/Carbon.framework/Versions/A/Frameworks/CommonPanels.framework/Versions/A/CommonPanels
0x0000000000dbc000 	/System/Library/Frameworks/Carbon.framework/Versions/A/Frameworks/Help.framework/Versions/A/Help
0x0000000000dbc000 	/System/Library/Frameworks/Carbon.framework/Versions/A/Frameworks/ImageCapture.framework/Versions/A/ImageCapture
0x0000000000dbc000 	/System/Library/Frameworks/Carbon.framework/Versions/A/Frameworks/OpenScripting.framework/Versions/A/OpenScripting
0x0000000000dbc000 	/System/Library/Frameworks/Carbon.framework/Versions/A/Frameworks/Print.framework/Versions/A/Print
0x0000000000dbc000 	/System/Library/Frameworks/Carbon.framework/Versions/A/Frameworks/SecurityHI.framework/Versions/A/SecurityHI
0x00000001e3868000 	/Library/Java/JavaVirtualMachines/jdk1.8.0_40.jdk/Contents/Home/jre/lib/libprism_es2.dylib
0x0000000000dbc000 	/System/Library/Frameworks/OpenGL.framework/Versions/A/Resources/GLEngine.bundle/GLEngine
0x0000000000dbc000 	/System/Library/Frameworks/OpenGL.framework/Versions/A/Libraries/libGLProgrammability.dylib
0x0000000000000000 	/System/Library/Extensions/AppleIntelHD5000GraphicsGLDriver.bundle/Contents/MacOS/AppleIntelHD5000GraphicsGLDriver
0x0000000000dbc000 	/System/Library/PrivateFrameworks/IOAccelerator.framework/Versions/A/IOAccelerator
0x0000000000dbc000 	/System/Library/PrivateFrameworks/GPUSupport.framework/Versions/A/Libraries/libGPUSupportMercury.dylib
0x0000000000dbc000 	/System/Library/Frameworks/OpenGL.framework/Versions/A/Resources/GLRendererFloat.bundle/GLRendererFloat
0x0000000000dbc000 	/System/Library/Frameworks/OpenCL.framework/Versions/A/Libraries/libcldcpuengine.dylib
0x0000000000dbc000 	/System/Library/PrivateFrameworks/DiskImages.framework/Versions/A/DiskImages
0x0000000000dbc000 	/System/Library/Frameworks/DiscRecording.framework/Versions/A/DiscRecording
0x0000000000dbc000 	/usr/lib/libcsfde.dylib
0x0000000000dbc000 	/usr/lib/libcurl.4.dylib
0x0000000000dbc000 	/System/Library/PrivateFrameworks/MediaKit.framework/Versions/A/MediaKit
0x0000000000dbc000 	/System/Library/PrivateFrameworks/ProtectedCloudStorage.framework/Versions/A/ProtectedCloudStorage
0x0000000000dbc000 	/usr/lib/libCoreStorage.dylib
0x0000000000dbc000 	/System/Library/PrivateFrameworks/EFILogin.framework/Versions/A/EFILogin
0x0000000000dbc000 	/usr/lib/libutil.dylib
0x0000000000dbc000 	/System/Library/PrivateFrameworks/FindMyDevice.framework/Versions/A/FindMyDevice
0x0000000000dbc000 	/System/Library/Frameworks/LDAP.framework/Versions/A/LDAP
0x0000000000dbc000 	/usr/lib/libsasl2.2.dylib
0x0000000000dbc000 	/System/Library/PrivateFrameworks/CoreDaemon.framework/Versions/B/CoreDaemon
0x0000000000dbc000 	/usr/lib/libcrypto.0.9.8.dylib
0x0000000000dbc000 	/System/Library/PrivateFrameworks/AppleSRP.framework/Versions/A/AppleSRP
0x0000000000dbc000 	/System/Library/PrivateFrameworks/TrustEvaluationAgent.framework/Versions/A/TrustEvaluationAgent
0x00000001e3d1a000 	/Library/Java/JavaVirtualMachines/jdk1.8.0_40.jdk/Contents/Home/jre/lib/libglass.dylib
0x0000000000dbc000 	/System/Library/PrivateFrameworks/CoreServicesInternal.framework/Versions/A/CoreServicesInternal
0x0000000000dbc000 	/System/Library/PrivateFrameworks/CloudDocs.framework/Versions/A/CloudDocs
0x0000000000dbc000 	/System/Library/PrivateFrameworks/CoreDuet.framework/Versions/A/CoreDuet
0x0000000000dbc000 	/System/Library/Frameworks/CloudKit.framework/Versions/A/CloudKit
0x0000000000dbc000 	/System/Library/PrivateFrameworks/ProtocolBuffer.framework/Versions/A/ProtocolBuffer
0x0000000000dbc000 	/System/Library/PrivateFrameworks/CoreDuetDaemonProtocol.framework/Versions/A/CoreDuetDaemonProtocol
0x0000000000dbc000 	/System/Library/PrivateFrameworks/CoreDuetDebugLogging.framework/Versions/A/CoreDuetDebugLogging
0x0000000000dbc000 	/System/Library/PrivateFrameworks/MMCS.framework/Versions/A/MMCS
0x0000000000dbc000 	/System/Library/Frameworks/CoreLocation.framework/Versions/A/CoreLocation
0x0000000000dbc000 	/System/Library/PrivateFrameworks/GeoServices.framework/Versions/A/GeoServices
0x0000000000dbc000 	/System/Library/Frameworks/CoreGraphics.framework/Versions/A/Resources/libCGCMS.A.dylib
0x0000000000dbc000 	/System/Library/CoreServices/RawCamera.bundle/Contents/MacOS/RawCamera
0x0000000000dbc000 	/System/Library/Frameworks/CoreGraphics.framework/Versions/A/Resources/libRIP.A.dylib
0x0000000000dbc000 	/System/Library/PrivateFrameworks/FamilyControls.framework/Versions/A/FamilyControls
0x0000000000dbc000 	/System/Library/PrivateFrameworks/CommerceKit.framework/Versions/A/Frameworks/CommerceCore.framework/Versions/A/CommerceCore
0x0000000000dbc000 	/System/Library/PrivateFrameworks/SystemAdministration.framework/Versions/A/SystemAdministration
0x0000000000dbc000 	/System/Library/PrivateFrameworks/AppContainer.framework/Versions/A/AppContainer
0x0000000000dbc000 	/System/Library/PrivateFrameworks/SecCodeWrapper.framework/Versions/A/SecCodeWrapper
0x0000000000dbc000 	/System/Library/Frameworks/DirectoryService.framework/Versions/A/DirectoryService
0x0000000000dbc000 	/System/Library/PrivateFrameworks/LoginUIKit.framework/Versions/A/Frameworks/LoginUICore.framework/Versions/A/LoginUICore
0x0000000000dbc000 	/usr/lib/libodfde.dylib
0x00000001e7980000 	/Library/Java/JavaVirtualMachines/jdk1.8.0_40.jdk/Contents/Home/jre/lib/libjavafx_font.dylib
0x0000000000dbc000 	/System/Library/Frameworks/CoreGraphics.framework/Versions/A/Resources/libCGXType.A.dylib
0x00000001e813d000 	/Library/Java/JavaVirtualMachines/jdk1.8.0_40.jdk/Contents/Home/jre/lib/libnet.dylib
0x00000001ea2da000 	cl_kernels
0x00000001ea9b2000 	/System/Library/Frameworks/OpenCL.framework/Versions/A/Libraries/ImageFormats/unorm8_bgra.dylib
0x00000001ea2e0000 	cl_kernels
0x00000001eb352000 	/Library/Java/JavaVirtualMachines/jdk1.8.0_40.jdk/Contents/Home/jre/lib/libprism_common.dylib

VM Arguments:
jvm_args: -Dfile.encoding=UTF-8 
java_command: /Users/DavidPuga/Downloads/ArquiSinPedinche/InterfazGatoSingleChafa/dist/run1573267896/InterfazGatoSingleChafa.jar
java_class_path (initial): /Users/DavidPuga/Downloads/ArquiSinPedinche/InterfazGatoSingleChafa/dist/run1573267896/InterfazGatoSingleChafa.jar
Launcher Type: SUN_STANDARD

Environment Variables:
PATH=/usr/bin:/bin:/usr/sbin:/sbin
LD_LIBRARY_PATH=/Library/Java/JavaVirtualMachines/jdk1.8.0_40.jdk/Contents/Home/jre/lib/amd64:/Library/Java/JavaVirtualMachines/jdk1.8.0_40.jdk/Contents/Home/jre/lib/i386:
SHELL=/bin/bash
DYLD_LIBRARY_PATH=/Applications/NetBeans/NetBeans 8.0.2.app/Contents/Resources/NetBeans/webcommon/bin:

Signal Handlers:
SIGSEGV: [libjvm.dylib+0x58ef95], sa_mask[0]=11111111011111110111111111111111, sa_flags=SA_ONSTACK|SA_RESTART|SA_SIGINFO
SIGBUS: [libjvm.dylib+0x58ef95], sa_mask[0]=11111111011111110111111111111111, sa_flags=SA_RESTART|SA_SIGINFO
SIGFPE: [libjvm.dylib+0x46c118], sa_mask[0]=11111111011111110111111111111111, sa_flags=SA_RESTART|SA_SIGINFO
SIGPIPE: [libjvm.dylib+0x46c118], sa_mask[0]=11111111011111110111111111111111, sa_flags=SA_RESTART|SA_SIGINFO
SIGXFSZ: [libjvm.dylib+0x46c118], sa_mask[0]=11111111011111110111111111111111, sa_flags=SA_RESTART|SA_SIGINFO
SIGILL: [libjvm.dylib+0x46c118], sa_mask[0]=11111111011111110111111111111111, sa_flags=SA_RESTART|SA_SIGINFO
SIGUSR1: SIG_DFL, sa_mask[0]=00000000000000000000000000000000, sa_flags=none
SIGUSR2: [libjvm.dylib+0x46bc36], sa_mask[0]=00100000000000000000000000000000, sa_flags=SA_RESTART|SA_SIGINFO
SIGHUP: [libjvm.dylib+0x46a209], sa_mask[0]=11111111011111110111111111111111, sa_flags=SA_RESTART|SA_SIGINFO
SIGINT: SIG_IGN, sa_mask[0]=00000000000000000000000000000000, sa_flags=none
SIGTERM: [libjvm.dylib+0x46a209], sa_mask[0]=11111111011111110111111111111111, sa_flags=SA_RESTART|SA_SIGINFO
SIGQUIT: [libjvm.dylib+0x46a209], sa_mask[0]=11111111011111110111111111111111, sa_flags=SA_RESTART|SA_SIGINFO


---------------  S Y S T E M  ---------------

OS:Bsduname:Darwin 14.3.0 Darwin Kernel Version 14.3.0: Mon Mar 23 11:59:05 PDT 2015; root:xnu-2782.20.48~5/RELEASE_X86_64 x86_64
rlimit: STACK 8192k, CORE 0k, NPROC 709, NOFILE 10240, AS infinity
load average:2.22 2.10 1.71

CPU:total 8 (4 cores per cpu, 2 threads per core) family 6 model 70 stepping 1, cmov, cx8, fxsr, mmx, sse, sse2, sse3, ssse3, sse4.1, sse4.2, popcnt, avx, avx2, aes, clmul, erms, lzcnt, ht, tsc, tscinvbit, bmi1, bmi2

Memory: 4k page, physical 8388608k(1430500k free)

/proc/meminfo:


vm_info: Java HotSpot(TM) 64-Bit Server VM (25.40-b25) for bsd-amd64 JRE (1.8.0_40-b27), built on Mar 13 2015 04:46:52 by "java_re" with gcc 4.2.1 (Based on Apple Inc. build 5658) (LLVM build 2336.11.00)

time: Tue May  5 11:24:19 2015
elapsed time: 57 seconds (0d 0h 0m 57s)

