#
# A fatal error has been detected by the Java Runtime Environment:
#
#  SIGSEGV (0xb) at pc=0x000000011e3565dd, pid=5480, tid=1811
#
# JRE version: Java(TM) SE Runtime Environment (8.0_40-b27) (build 1.8.0_40-b27)
# Java VM: Java HotSpot(TM) 64-Bit Server VM (25.40-b25 mixed mode bsd-amd64 compressed oops)
# Problematic frame:
# C  [libglass.dylib+0x155dd]  GlassScreenDidChangeScreenParameters+0x9d
#
# Failed to write core dump. Core dumps have been disabled. To enable core dumping, try "ulimit -c unlimited" before starting Java again
#
# If you would like to submit a bug report, please visit:
#   http://bugreport.java.com/bugreport/crash.jsp
#

---------------  T H R E A D  ---------------

Current thread is native thread

siginfo: si_signo: 11 (SIGSEGV), si_code: 1 (SEGV_MAPERR), si_addr: 0x0000000000000000

Registers:
RAX=0x000000011e388bc0, RBX=0x0000000000000000, RCX=0x730051e13b522b21, RDX=0x00007fba384ae520
RSP=0x00007fff5d222f70, RBP=0x00007fff5d222f80, RSI=0x00007fba38609760, RDI=0x0000000000000000
R8 =0x00007fff5d222e20, R9 =0x00007fff76d18300, R10=0x0000000000000000, R11=0x0000000000000246
R12=0x00007fba386134c0, R13=0x00000000000f426b, R14=0x00007fba38735b20, R15=0x00007fff5d2230c0
RIP=0x000000011e3565dd, EFLAGS=0x0000000000010202, ERR=0x0000000000000004
  TRAPNO=0x000000000000000e

Top of Stack: (sp=0x00007fff5d222f70)
0x00007fff5d222f70:   00007fff5d223150 00007fba38735b20
0x00007fff5d222f80:   00007fff5d222f90 00007fff8c33a45c
0x00007fff5d222f90:   00007fff5d2232f0 00007fff8c22a634
0x00007fff5d222fa0:   00007fff5d222ff0 0000000000003c00
0x00007fff5d222fb0:   00007fff75d37ed0 00007fba3a118cc0
0x00007fff5d222fc0:   0000000000001006 0000000000000900
0x00007fff5d222fd0:   00007fba3a118cc0 00007fba38735b20
0x00007fff5d222fe0:   0000000000000000 00007fff5d2230c0
0x00007fff5d222ff0:   0000000000000000 00007fba38735ae0
0x00007fff5d223000:   00007fff5d223140 0000000000000060
0x00007fff5d223010:   00000000000f4389 00007fba38659c10
0x00007fff5d223020:   00007fba38649e20 00007fba386134c0
0x00007fff5d223030:   0000000000000001 00000000000f426b
0x00007fff5d223040:   00007fba386134b0 00007fff93ae8acb
0x00007fff5d223050:   0000000000000001 0000000000000001
0x00007fff5d223060:   0000000000000030 0000000000000001
0x00007fff5d223070:   00007fff5d223090 00007fff93aee231
0x00007fff5d223080:   00007fff75d35fb0 0000000000000000
0x00007fff5d223090:   00007fff5d2230b0 000000000000001e
0x00007fff5d2230a0:   000bb5033c1ae200 00007fba386134e4
0x00007fff5d2230b0:   0000000000000000 00007fff8c22010f
0x00007fff5d2230c0:   00007fba38735b20 00007fff75d35fb0
0x00007fff5d2230d0:   00007fff5d223150 00007fff8c228c3f
0x00007fff5d2230e0:   00007fff5d223154 00007fba38649ab0
0x00007fff5d2230f0:   00000001029f8a00 0000000000000002
0x00007fff5d223100:   00000001029f5000 00007fba38644aa2
0x00007fff5d223110:   0000000000000003 00000001029fc600
0x00007fff5d223120:   00007fff5d223210 00007fff93ae72a2
0x00007fff5d223130:   00007fba38649aa0 00007fff5d2232f8
0x00007fff5d223140:   0000000000000017 0000000000000000
0x00007fff5d223150:   00000000000f426b 00007fff8c220403
0x00007fff5d223160:   00007fff00000000 00007fba384401c0 

Instructions: (pc=0x000000011e3565dd)
0x000000011e3565bd:   89 df 4c 89 f1 41 ff 90 68 04 00 00 48 8d 05 f8
0x000000011e3565cd:   24 03 00 48 8b 30 48 8d 05 e6 25 03 00 48 8b 10
0x000000011e3565dd:   48 8b 0b 30 c0 48 89 df ff 91 68 04 00 00 48 8b
0x000000011e3565ed:   03 48 89 df ff 50 78 48 85 c0 74 36 49 89 c6 48 

Register to memory mapping:

RAX=0x000000011e388bc0: jScreenNotifySettingsChanged+0 in /Library/Java/JavaVirtualMachines/jdk1.8.0_40.jdk/Contents/Home/jre/lib/libglass.dylib at 0x000000011e341000
RBX=0x0000000000000000 is an unknown value
RCX=0x730051e13b522b21 is an unknown value
RDX=0x00007fba384ae520 is an unknown value
RSP=0x00007fff5d222f70 is an unknown value
RBP=0x00007fff5d222f80 is an unknown value
RSI=0x00007fba38609760 is a global jni handle
RDI=0x0000000000000000 is an unknown value
R8 =0x00007fff5d222e20 is an unknown value
R9 =0x00007fff76d18300: _thread+0 in /usr/lib/system/libsystem_pthread.dylib at 0x00007fff92f57000
R10=0x0000000000000000 is an unknown value
R11=0x0000000000000246 is an unknown value
R12=0x00007fba386134c0 is an unknown value
R13=0x00000000000f426b is an unknown value
R14=0x00007fba38735b20 is an unknown value
R15=0x00007fff5d2230c0 is an unknown value


Stack: [0x00007fff5ca26000,0x00007fff5d226000],  sp=0x00007fff5d222f70,  free space=8179k
Native frames: (J=compiled Java code, j=interpreted, Vv=VM code, C=native code)
C  [libglass.dylib+0x155dd]  GlassScreenDidChangeScreenParameters+0x9d
C  [CoreFoundation+0x12045c]  __CFNOTIFICATIONCENTER_IS_CALLING_OUT_TO_AN_OBSERVER__+0xc
C  [CoreFoundation+0x10634]  _CFXNotificationPost+0xc44
C  [Foundation+0x79d1]  -[NSNotificationCenter postNotificationName:object:userInfo:]+0x42
C  [AppKit+0x40df7e]  -[NSApplication _reactToScreenInvalidationImmediately:]+0x17b
C  [AppKit+0x40ddc7]  __44-[NSApplication _reactToScreenInvalidation:]_block_invoke+0x4b
C  [CoreFoundation+0x808ec]  __CFRUNLOOP_IS_CALLING_OUT_TO_A_BLOCK__+0xc
C  [CoreFoundation+0x729f5]  __CFRunLoopDoBlocks+0x155
C  [CoreFoundation+0x72536]  __CFRunLoopRun+0x716
C  [CoreFoundation+0x71bd8]  CFRunLoopRunSpecific+0x128
C  [java+0x6490]  CreateExecutionEnvironment+0x367
C  [java+0x221c]  JLI_Launch+0x7a0
C  [java+0x84ed]  main+0x65
C  [java+0x1a74]  start+0x34


---------------  P R O C E S S  ---------------

VM state:not at safepoint (normal execution)

VM Mutex/Monitor currently owned by a thread: None

Heap:
 PSYoungGen      total 71680K, used 51825K [0x0000000795580000, 0x000000079a080000, 0x00000007c0000000)
  eden space 66560K, 77% used [0x0000000795580000,0x000000079881c5b8,0x0000000799680000)
  from space 5120K, 0% used [0x0000000799b80000,0x0000000799b80000,0x000000079a080000)
  to   space 5120K, 0% used [0x0000000799680000,0x0000000799680000,0x0000000799b80000)
 ParOldGen       total 152576K, used 79508K [0x0000000740000000, 0x0000000749500000, 0x0000000795580000)
  object space 152576K, 52% used [0x0000000740000000,0x0000000744da5000,0x0000000749500000)
 Metaspace       used 17434K, capacity 18148K, committed 18176K, reserved 1064960K
  class space    used 2352K, capacity 2534K, committed 2560K, reserved 1048576K

Card table byte_map: [0x000000011402c000,0x000000011442d000] byte_map_base: 0x000000011062c000

Marking Bits: (ParMarkBitMap*) 0x00000001044c27a0
 Begin Bits: [0x0000000114ef0000, 0x0000000116ef0000)
 End Bits:   [0x0000000116ef0000, 0x0000000118ef0000)

Polling page: 0x0000000102b65000

CodeCache: size=245760Kb used=9677Kb max_used=9938Kb free=236082Kb
 bounds [0x0000000104c6c000, 0x000000010562c000, 0x0000000113c6c000]
 total_blobs=3649 nmethods=3007 adapters=554
 compilation: enabled

Compilation events (10 events):
Event: 147.028 Thread 0x00007fba3c859000 3231       3       java.lang.invoke.DirectMethodHandle::shouldBeInitialized (123 bytes)
Event: 147.028 Thread 0x00007fba3c859000 nmethod 3231 0x0000000104e46510 code [0x0000000104e466e0, 0x0000000104e46e08]
Event: 147.029 Thread 0x00007fba3b002800 nmethod 3227 0x00000001050a3f90 code [0x00000001050a40e0, 0x00000001050a4298]
Event: 147.033 Thread 0x00007fba3c859000 3232       3       javafx.scene.Scene$ClickGenerator::preProcess (290 bytes)
Event: 147.035 Thread 0x00007fba3c859000 nmethod 3232 0x0000000104fc7cd0 code [0x0000000104fc80c0, 0x0000000104fcb058]
Event: 147.035 Thread 0x00007fba3c859000 3233       3       javafx.scene.Scene$ClickGenerator::postProcess (258 bytes)
Event: 147.036 Thread 0x00007fba3c859000 nmethod 3233 0x0000000104fc5390 code [0x0000000104fc5680, 0x0000000104fc7298]
Event: 147.042 Thread 0x00007fba3c859000 3234       3       java.util.concurrent.atomic.AtomicInteger::incrementAndGet (14 bytes)
Event: 147.042 Thread 0x00007fba3c859000 nmethod 3234 0x0000000104dedd90 code [0x0000000104dedee0, 0x0000000104dee030]
Event: 147.043 Thread 0x00007fba3c858000 nmethod 3222 0x0000000104fd0ad0 code [0x0000000104fd0cc0, 0x0000000104fd1b40]

GC Heap History (10 events):
Event: 1.426 GC heap before
{Heap before GC invocations=1 (full 0):
 PSYoungGen      total 38400K, used 33280K [0x0000000795580000, 0x0000000798000000, 0x00000007c0000000)
  eden space 33280K, 100% used [0x0000000795580000,0x0000000797600000,0x0000000797600000)
  from space 5120K, 0% used [0x0000000797b00000,0x0000000797b00000,0x0000000798000000)
  to   space 5120K, 0% used [0x0000000797600000,0x0000000797600000,0x0000000797b00000)
 ParOldGen       total 87552K, used 0K [0x0000000740000000, 0x0000000745580000, 0x0000000795580000)
  object space 87552K, 0% used [0x0000000740000000,0x0000000740000000,0x0000000745580000)
 Metaspace       used 11272K, capacity 11660K, committed 11904K, reserved 1058816K
  class space    used 1465K, capacity 1594K, committed 1664K, reserved 1048576K
Event: 1.434 GC heap after
Heap after GC invocations=1 (full 0):
 PSYoungGen      total 38400K, used 5105K [0x0000000795580000, 0x0000000798000000, 0x00000007c0000000)
  eden space 33280K, 0% used [0x0000000795580000,0x0000000795580000,0x0000000797600000)
  from space 5120K, 99% used [0x0000000797600000,0x0000000797afc540,0x0000000797b00000)
  to   space 5120K, 0% used [0x0000000797b00000,0x0000000797b00000,0x0000000798000000)
 ParOldGen       total 87552K, used 3882K [0x0000000740000000, 0x0000000745580000, 0x0000000795580000)
  object space 87552K, 4% used [0x0000000740000000,0x00000007403ca890,0x0000000745580000)
 Metaspace       used 11272K, capacity 11660K, committed 11904K, reserved 1058816K
  class space    used 1465K, capacity 1594K, committed 1664K, reserved 1048576K
}
Event: 1.648 GC heap before
{Heap before GC invocations=2 (full 0):
 PSYoungGen      total 38400K, used 35598K [0x0000000795580000, 0x0000000798000000, 0x00000007c0000000)
  eden space 33280K, 91% used [0x0000000795580000,0x0000000797347470,0x0000000797600000)
  from space 5120K, 99% used [0x0000000797600000,0x0000000797afc540,0x0000000797b00000)
  to   space 5120K, 0% used [0x0000000797b00000,0x0000000797b00000,0x0000000798000000)
 ParOldGen       total 87552K, used 3882K [0x0000000740000000, 0x0000000745580000, 0x0000000795580000)
  object space 87552K, 4% used [0x0000000740000000,0x00000007403ca890,0x0000000745580000)
 Metaspace       used 11319K, capacity 11672K, committed 11904K, reserved 1058816K
  class space    used 1467K, capacity 1596K, committed 1664K, reserved 1048576K
Event: 1.667 GC heap after
Heap after GC invocations=2 (full 0):
 PSYoungGen      total 38400K, used 5097K [0x0000000795580000, 0x000000079a080000, 0x00000007c0000000)
  eden space 33280K, 0% used [0x0000000795580000,0x0000000795580000,0x0000000797600000)
  from space 5120K, 99% used [0x0000000797b00000,0x0000000797ffa7e0,0x0000000798000000)
  to   space 5120K, 0% used [0x0000000797600000,0x0000000797600000,0x0000000797b00000)
 ParOldGen       total 87552K, used 32733K [0x0000000740000000, 0x0000000745580000, 0x0000000795580000)
  object space 87552K, 37% used [0x0000000740000000,0x0000000741ff7450,0x0000000745580000)
 Metaspace       used 11319K, capacity 11672K, committed 11904K, reserved 1058816K
  class space    used 1467K, capacity 1596K, committed 1664K, reserved 1048576K
}
Event: 1.917 GC heap before
{Heap before GC invocations=3 (full 0):
 PSYoungGen      total 38400K, used 37212K [0x0000000795580000, 0x000000079a080000, 0x00000007c0000000)
  eden space 33280K, 96% used [0x0000000795580000,0x00000007974dc968,0x0000000797600000)
  from space 5120K, 99% used [0x0000000797b00000,0x0000000797ffa7e0,0x0000000798000000)
  to   space 5120K, 0% used [0x0000000797600000,0x0000000797600000,0x0000000797b00000)
 ParOldGen       total 87552K, used 32733K [0x0000000740000000, 0x0000000745580000, 0x0000000795580000)
  object space 87552K, 37% used [0x0000000740000000,0x0000000741ff7450,0x0000000745580000)
 Metaspace       used 11892K, capacity 12350K, committed 12544K, reserved 1060864K
  class space    used 1555K, capacity 1677K, committed 1792K, reserved 1048576K
Event: 1.946 GC heap after
Heap after GC invocations=3 (full 0):
 PSYoungGen      total 38400K, used 4635K [0x0000000795580000, 0x000000079a080000, 0x00000007c0000000)
  eden space 33280K, 0% used [0x0000000795580000,0x0000000795580000,0x0000000797600000)
  from space 5120K, 90% used [0x0000000797600000,0x0000000797a86d78,0x0000000797b00000)
  to   space 5120K, 0% used [0x0000000799b80000,0x0000000799b80000,0x000000079a080000)
 ParOldGen       total 87552K, used 52607K [0x0000000740000000, 0x0000000745580000, 0x0000000795580000)
  object space 87552K, 60% used [0x0000000740000000,0x000000074335fde0,0x0000000745580000)
 Metaspace       used 11892K, capacity 12350K, committed 12544K, reserved 1060864K
  class space    used 1555K, capacity 1677K, committed 1792K, reserved 1048576K
}
Event: 2.010 GC heap before
{Heap before GC invocations=4 (full 0):
 PSYoungGen      total 38400K, used 36499K [0x0000000795580000, 0x000000079a080000, 0x00000007c0000000)
  eden space 33280K, 95% used [0x0000000795580000,0x000000079749e048,0x0000000797600000)
  from space 5120K, 90% used [0x0000000797600000,0x0000000797a86d78,0x0000000797b00000)
  to   space 5120K, 0% used [0x0000000799b80000,0x0000000799b80000,0x000000079a080000)
 ParOldGen       total 87552K, used 52607K [0x0000000740000000, 0x0000000745580000, 0x0000000795580000)
  object space 87552K, 60% used [0x0000000740000000,0x000000074335fde0,0x0000000745580000)
 Metaspace       used 11896K, capacity 12350K, committed 12544K, reserved 1060864K
  class space    used 1555K, capacity 1677K, committed 1792K, reserved 1048576K
Event: 2.044 GC heap after
Heap after GC invocations=4 (full 0):
 PSYoungGen      total 71680K, used 5116K [0x0000000795580000, 0x000000079a080000, 0x00000007c0000000)
  eden space 66560K, 0% used [0x0000000795580000,0x0000000795580000,0x0000000799680000)
  from space 5120K, 99% used [0x0000000799b80000,0x000000079a07f198,0x000000079a080000)
  to   space 5120K, 0% used [0x0000000799680000,0x0000000799680000,0x0000000799b80000)
 ParOldGen       total 87552K, used 77631K [0x0000000740000000, 0x0000000745580000, 0x0000000795580000)
  object space 87552K, 88% used [0x0000000740000000,0x0000000744bcfe80,0x0000000745580000)
 Metaspace       used 11896K, capacity 12350K, committed 12544K, reserved 1060864K
  class space    used 1555K, capacity 1677K, committed 1792K, reserved 1048576K
}
Event: 2.044 GC heap before
{Heap before GC invocations=5 (full 1):
 PSYoungGen      total 71680K, used 5116K [0x0000000795580000, 0x000000079a080000, 0x00000007c0000000)
  eden space 66560K, 0% used [0x0000000795580000,0x0000000795580000,0x0000000799680000)
  from space 5120K, 99% used [0x0000000799b80000,0x000000079a07f198,0x000000079a080000)
  to   space 5120K, 0% used [0x0000000799680000,0x0000000799680000,0x0000000799b80000)
 ParOldGen       total 87552K, used 77631K [0x0000000740000000, 0x0000000745580000, 0x0000000795580000)
  object space 87552K, 88% used [0x0000000740000000,0x0000000744bcfe80,0x0000000745580000)
 Metaspace       used 11896K, capacity 12350K, committed 12544K, reserved 1060864K
  class space    used 1555K, capacity 1677K, committed 1792K, reserved 1048576K
Event: 2.085 GC heap after
Heap after GC invocations=5 (full 1):
 PSYoungGen      total 71680K, used 0K [0x0000000795580000, 0x000000079a080000, 0x00000007c0000000)
  eden space 66560K, 0% used [0x0000000795580000,0x0000000795580000,0x0000000799680000)
  from space 5120K, 0% used [0x0000000799b80000,0x0000000799b80000,0x000000079a080000)
  to   space 5120K, 0% used [0x0000000799680000,0x0000000799680000,0x0000000799b80000)
 ParOldGen       total 152576K, used 79508K [0x0000000740000000, 0x0000000749500000, 0x0000000795580000)
  object space 152576K, 52% used [0x0000000740000000,0x0000000744da5000,0x0000000749500000)
 Metaspace       used 11896K, capacity 12350K, committed 12544K, reserved 1060864K
  class space    used 1555K, capacity 1677K, committed 1792K, reserved 1048576K
}

Deoptimization events (10 events):
Event: 92.311 Thread 0x00007fba390f7800 Uncommon trap: reason=class_check action=maybe_recompile pc=0x000000010555ee98 method=com.sun.prism.impl.ps.BaseShaderContext.checkState(Lcom/sun/prism/impl/ps/BaseShaderGraphics;ILcom/sun/javafx/geom/transform/BaseTransform;Lcom/sun/prism/ps/Shader;)V @ 
Event: 92.316 Thread 0x00007fba390f7800 Uncommon trap: reason=class_check action=maybe_recompile pc=0x000000010555ee98 method=com.sun.prism.impl.ps.BaseShaderContext.checkState(Lcom/sun/prism/impl/ps/BaseShaderGraphics;ILcom/sun/javafx/geom/transform/BaseTransform;Lcom/sun/prism/ps/Shader;)V @ 
Event: 93.419 Thread 0x00007fba390f7800 Uncommon trap: reason=unstable_if action=reinterpret pc=0x000000010559366c method=com.sun.javafx.geom.RectBounds.intersects(Lcom/sun/javafx/geom/BaseBounds;)Z @ 65
Event: 93.419 Thread 0x00007fba390f7800 Uncommon trap: reason=unstable_if action=reinterpret pc=0x00000001055895a4 method=com.sun.javafx.geom.RectBounds.intersects(Lcom/sun/javafx/geom/BaseBounds;)Z @ 65
Event: 130.145 Thread 0x00007fba39117000 Uncommon trap: reason=unstable_if action=reinterpret pc=0x00000001055ea780 method=com.sun.javafx.css.ParsedValueImpl.containsFontRelativeSize(Ljavafx/css/ParsedValue;Z)Z @ 56
Event: 147.027 Thread 0x00007fba390f8000 Uncommon trap: reason=unstable_if action=reinterpret pc=0x00000001055e18f8 method=java.util.concurrent.LinkedBlockingDeque.unlinkFirst()Ljava/lang/Object; @ 37
Event: 147.042 Thread 0x00007fba39117000 Uncommon trap: reason=unstable_if action=reinterpret pc=0x000000010532c8c4 method=java.util.concurrent.locks.ReentrantLock$NonfairSync.lock()V @ 6
Event: 147.042 Thread 0x00007fba39117000 Uncommon trap: reason=unstable_if action=reinterpret pc=0x00000001055553f8 method=java.util.concurrent.locks.ReentrantLock$Sync.nonfairTryAcquire(I)Z @ 10
Event: 147.042 Thread 0x00007fba39117000 Uncommon trap: reason=unstable_if action=reinterpret pc=0x00000001052f7ee4 method=java.util.concurrent.locks.ReentrantLock$Sync.tryRelease(I)Z @ 28
Event: 147.042 Thread 0x00007fba390f7800 Uncommon trap: reason=unstable_if action=reinterpret pc=0x00000001055968e0 method=java.util.concurrent.locks.AbstractQueuedSynchronizer$ConditionObject.checkInterruptWhileWaiting(Ljava/util/concurrent/locks/AbstractQueuedSynchronizer$Node;)I @ 3

Internal exceptions (10 events):
Event: 0.230 Thread 0x00007fba3c800800 Exception <a 'java/security/PrivilegedActionException'> (0x0000000795921330) thrown at [/Users/java_re/workspace/8-2-build-macosx-x86_64/jdk8u40/3153/hotspot/src/share/vm/prims/jvm.cpp, line 1382]
Event: 0.230 Thread 0x00007fba3c800800 Exception <a 'java/security/PrivilegedActionException'> (0x00000007959214e8) thrown at [/Users/java_re/workspace/8-2-build-macosx-x86_64/jdk8u40/3153/hotspot/src/share/vm/prims/jvm.cpp, line 1382]
Event: 0.231 Thread 0x00007fba3c800800 Exception <a 'java/lang/NullPointerException'> (0x0000000795921c80) thrown at [/Users/java_re/workspace/8-2-build-macosx-x86_64/jdk8u40/3153/hotspot/src/share/vm/interpreter/linkResolver.cpp, line 1178]
Event: 0.775 Thread 0x00007fba39117000 Exception <a 'java/lang/NullPointerException'> (0x00000007962646e8) thrown at [/Users/java_re/workspace/8-2-build-macosx-x86_64/jdk8u40/3153/hotspot/src/share/vm/interpreter/linkResolver.cpp, line 1178]
Event: 0.775 Thread 0x00007fba39117000 Exception <a 'java/lang/NullPointerException'> (0x00000007962646e8) thrown at [/Users/java_re/workspace/8-2-build-macosx-x86_64/jdk8u40/3153/hotspot/src/share/vm/prims/jvm.cpp, line 1386]
Event: 0.938 Thread 0x00007fba39117000 Exception <a 'java/lang/ArrayIndexOutOfBoundsException'> (0x000000079676b248) thrown at [/Users/java_re/workspace/8-2-build-macosx-x86_64/jdk8u40/3153/hotspot/src/share/vm/runtime/sharedRuntime.cpp, line 605]
Event: 0.939 Thread 0x00007fba39117000 Exception <a 'java/lang/ArrayIndexOutOfBoundsException'> (0x000000079676bd08) thrown at [/Users/java_re/workspace/8-2-build-macosx-x86_64/jdk8u40/3153/hotspot/src/share/vm/runtime/sharedRuntime.cpp, line 605]
Event: 0.939 Thread 0x00007fba39117000 Exception <a 'java/lang/ArrayIndexOutOfBoundsException'> (0x000000079676d000) thrown at [/Users/java_re/workspace/8-2-build-macosx-x86_64/jdk8u40/3153/hotspot/src/share/vm/runtime/sharedRuntime.cpp, line 605]
Event: 2.367 Thread 0x00007fba39117000 Implicit null exception at 0x0000000104f6d275 to 0x0000000104f6d4b1
Event: 2.367 Thread 0x00007fba39117000 Implicit null exception at 0x0000000104f6687b to 0x0000000104f672a9

Events (10 events):
Event: 147.042 Thread 0x00007fba390f7800 Uncommon trap: trap_request=0xffffff65 fr.pc=0x00000001055968e0
Event: 147.042 Thread 0x00007fba390f7800 DEOPT PACKING pc=0x00000001055968e0 sp=0x000000011de8d5a0
Event: 147.042 Thread 0x00007fba390f7800 DEOPT UNPACKING pc=0x0000000104c71229 sp=0x000000011de8d518 mode 2
Event: 147.042 loading class com/sun/javafx/tk/quantum/QuantumToolkit
Event: 147.042 loading class com/sun/javafx/tk/quantum/QuantumToolkit done
Event: 147.042 Thread 0x00007fba390f7800 Thread exited: 0x00007fba390f7800
Event: 147.042 Thread 0x00007fba3b806000 Thread exited: 0x00007fba3b806000
Event: 147.042 Thread 0x00007fba39117000 Thread exited: 0x00007fba39117000
Event: 147.043 Thread 0x00007fba3c800800 Thread exited: 0x00007fba3c800800
Event: 147.043 Thread 0x00007fba39a3f000 Thread added: 0x00007fba39a3f000


Dynamic libraries:
0x00000000049fe000 	/System/Library/Frameworks/Cocoa.framework/Versions/A/Cocoa
0x00000000049fe000 	/System/Library/Frameworks/Security.framework/Versions/A/Security
0x00000000049fe000 	/System/Library/Frameworks/ApplicationServices.framework/Versions/A/ApplicationServices
0x00000000049fe000 	/usr/lib/libz.1.dylib
0x00000000049fe000 	/usr/lib/libSystem.B.dylib
0x00000000049fe000 	/usr/lib/libobjc.A.dylib
0x00000000049fe000 	/System/Library/Frameworks/CoreFoundation.framework/Versions/A/CoreFoundation
0x00000000049fe000 	/System/Library/Frameworks/Foundation.framework/Versions/C/Foundation
0x00000000049fe000 	/System/Library/Frameworks/AppKit.framework/Versions/C/AppKit
0x00000000049fe000 	/System/Library/Frameworks/CoreData.framework/Versions/A/CoreData
0x00000000049fe000 	/System/Library/PrivateFrameworks/RemoteViewServices.framework/Versions/A/RemoteViewServices
0x00000000049fe000 	/System/Library/PrivateFrameworks/UIFoundation.framework/Versions/A/UIFoundation
0x00000000049fe000 	/System/Library/Frameworks/IOSurface.framework/Versions/A/IOSurface
0x00000000049fe000 	/System/Library/Frameworks/AudioToolbox.framework/Versions/A/AudioToolbox
0x00000000049fe000 	/System/Library/Frameworks/AudioUnit.framework/Versions/A/AudioUnit
0x00000000049fe000 	/System/Library/PrivateFrameworks/DataDetectorsCore.framework/Versions/A/DataDetectorsCore
0x00000000049fe000 	/System/Library/PrivateFrameworks/DesktopServicesPriv.framework/Versions/A/DesktopServicesPriv
0x00000000049fe000 	/System/Library/Frameworks/Carbon.framework/Versions/A/Frameworks/HIToolbox.framework/Versions/A/HIToolbox
0x00000000049fe000 	/System/Library/Frameworks/QuartzCore.framework/Versions/A/QuartzCore
0x00000000049fe000 	/System/Library/Frameworks/Carbon.framework/Versions/A/Frameworks/SpeechRecognition.framework/Versions/A/SpeechRecognition
0x00000000049fe000 	/usr/lib/libauto.dylib
0x00000000049fe000 	/usr/lib/libicucore.A.dylib
0x00000000049fe000 	/usr/lib/libxml2.2.dylib
0x00000000049fe000 	/System/Library/PrivateFrameworks/CoreUI.framework/Versions/A/CoreUI
0x00000000049fe000 	/System/Library/Frameworks/CoreAudio.framework/Versions/A/CoreAudio
0x00000000049fe000 	/System/Library/Frameworks/DiskArbitration.framework/Versions/A/DiskArbitration
0x00000000049fe000 	/usr/lib/liblangid.dylib
0x00000000049fe000 	/System/Library/PrivateFrameworks/MultitouchSupport.framework/Versions/A/MultitouchSupport
0x00000000049fe000 	/System/Library/Frameworks/IOKit.framework/Versions/A/IOKit
0x00000000049fe000 	/usr/lib/libDiagnosticMessagesClient.dylib
0x00000000049fe000 	/System/Library/Frameworks/CoreServices.framework/Versions/A/CoreServices
0x00000000049fe000 	/System/Library/PrivateFrameworks/PerformanceAnalysis.framework/Versions/A/PerformanceAnalysis
0x00000000049fe000 	/System/Library/PrivateFrameworks/GenerationalStorage.framework/Versions/A/GenerationalStorage
0x00000000049fe000 	/System/Library/Frameworks/OpenGL.framework/Versions/A/OpenGL
0x00000000049fe000 	/System/Library/PrivateFrameworks/Sharing.framework/Versions/A/Sharing
0x00000000049fe000 	/System/Library/Frameworks/CoreGraphics.framework/Versions/A/CoreGraphics
0x00000000049fe000 	/System/Library/Frameworks/CoreText.framework/Versions/A/CoreText
0x00000000049fe000 	/System/Library/Frameworks/ImageIO.framework/Versions/A/ImageIO
0x00000000049fe000 	/usr/lib/libextension.dylib
0x00000000049fe000 	/System/Library/PrivateFrameworks/Backup.framework/Versions/A/Backup
0x00000000049fe000 	/usr/lib/libarchive.2.dylib
0x00000000049fe000 	/System/Library/Frameworks/CFNetwork.framework/Versions/A/CFNetwork
0x00000000049fe000 	/System/Library/Frameworks/SystemConfiguration.framework/Versions/A/SystemConfiguration
0x00000000049fe000 	/usr/lib/libCRFSuite.dylib
0x00000000049fe000 	/usr/lib/libc++.1.dylib
0x00000000049fe000 	/usr/lib/libc++abi.dylib
0x00000000049fe000 	/usr/lib/system/libcache.dylib
0x00000000049fe000 	/usr/lib/system/libcommonCrypto.dylib
0x00000000049fe000 	/usr/lib/system/libcompiler_rt.dylib
0x00000000049fe000 	/usr/lib/system/libcopyfile.dylib
0x00000000049fe000 	/usr/lib/system/libcorecrypto.dylib
0x00000000049fe000 	/usr/lib/system/libdispatch.dylib
0x00000000049fe000 	/usr/lib/system/libdyld.dylib
0x00000000049fe000 	/usr/lib/system/libkeymgr.dylib
0x00000000049fe000 	/usr/lib/system/liblaunch.dylib
0x00000000049fe000 	/usr/lib/system/libmacho.dylib
0x00000000049fe000 	/usr/lib/system/libquarantine.dylib
0x00000000049fe000 	/usr/lib/system/libremovefile.dylib
0x00000000049fe000 	/usr/lib/system/libsystem_asl.dylib
0x00000000049fe000 	/usr/lib/system/libsystem_blocks.dylib
0x00000000049fe000 	/usr/lib/system/libsystem_c.dylib
0x00000000049fe000 	/usr/lib/system/libsystem_configuration.dylib
0x00000000049fe000 	/usr/lib/system/libsystem_coreservices.dylib
0x00000000049fe000 	/usr/lib/system/libsystem_coretls.dylib
0x00000000049fe000 	/usr/lib/system/libsystem_dnssd.dylib
0x00000000049fe000 	/usr/lib/system/libsystem_info.dylib
0x00000000049fe000 	/usr/lib/system/libsystem_kernel.dylib
0x00000000049fe000 	/usr/lib/system/libsystem_m.dylib
0x00000000049fe000 	/usr/lib/system/libsystem_malloc.dylib
0x00000000049fe000 	/usr/lib/system/libsystem_network.dylib
0x00000000049fe000 	/usr/lib/system/libsystem_networkextension.dylib
0x00000000049fe000 	/usr/lib/system/libsystem_notify.dylib
0x00000000049fe000 	/usr/lib/system/libsystem_platform.dylib
0x00000000049fe000 	/usr/lib/system/libsystem_pthread.dylib
0x00000000049fe000 	/usr/lib/system/libsystem_sandbox.dylib
0x00000000049fe000 	/usr/lib/system/libsystem_secinit.dylib
0x00000000049fe000 	/usr/lib/system/libsystem_stats.dylib
0x00000000049fe000 	/usr/lib/system/libsystem_trace.dylib
0x00000000049fe000 	/usr/lib/system/libunc.dylib
0x00000000049fe000 	/usr/lib/system/libunwind.dylib
0x00000000049fe000 	/usr/lib/system/libxpc.dylib
0x00000000049fe000 	/usr/lib/libbz2.1.0.dylib
0x00000000049fe000 	/usr/lib/liblzma.5.dylib
0x00000000049fe000 	/usr/lib/libbsm.0.dylib
0x00000000049fe000 	/usr/lib/libsqlite3.dylib
0x00000000049fe000 	/usr/lib/system/libkxld.dylib
0x00000000049fe000 	/usr/lib/libxar.1.dylib
0x00000000049fe000 	/usr/lib/libpam.2.dylib
0x00000000049fe000 	/usr/lib/libOpenScriptingUtil.dylib
0x00000000049fe000 	/System/Library/Frameworks/CoreServices.framework/Versions/A/Frameworks/FSEvents.framework/Versions/A/FSEvents
0x00000000049fe000 	/System/Library/Frameworks/CoreServices.framework/Versions/A/Frameworks/CarbonCore.framework/Versions/A/CarbonCore
0x00000000049fe000 	/System/Library/Frameworks/CoreServices.framework/Versions/A/Frameworks/Metadata.framework/Versions/A/Metadata
0x00000000049fe000 	/System/Library/Frameworks/CoreServices.framework/Versions/A/Frameworks/OSServices.framework/Versions/A/OSServices
0x00000000049fe000 	/System/Library/Frameworks/CoreServices.framework/Versions/A/Frameworks/SearchKit.framework/Versions/A/SearchKit
0x00000000049fe000 	/System/Library/Frameworks/CoreServices.framework/Versions/A/Frameworks/AE.framework/Versions/A/AE
0x00000000049fe000 	/System/Library/Frameworks/CoreServices.framework/Versions/A/Frameworks/LaunchServices.framework/Versions/A/LaunchServices
0x00000000049fe000 	/System/Library/Frameworks/CoreServices.framework/Versions/A/Frameworks/DictionaryServices.framework/Versions/A/DictionaryServices
0x00000000049fe000 	/System/Library/Frameworks/NetFS.framework/Versions/A/NetFS
0x00000000049fe000 	/System/Library/PrivateFrameworks/NetAuth.framework/Versions/A/NetAuth
0x00000000049fe000 	/System/Library/PrivateFrameworks/login.framework/Versions/A/Frameworks/loginsupport.framework/Versions/A/loginsupport
0x00000000049fe000 	/System/Library/PrivateFrameworks/TCC.framework/Versions/A/TCC
0x00000000049fe000 	/usr/lib/libmecabra.dylib
0x00000000049fe000 	/System/Library/Frameworks/ApplicationServices.framework/Versions/A/Frameworks/ATS.framework/Versions/A/ATS
0x00000000049fe000 	/System/Library/Frameworks/ApplicationServices.framework/Versions/A/Frameworks/ColorSync.framework/Versions/A/ColorSync
0x00000000049fe000 	/System/Library/Frameworks/ApplicationServices.framework/Versions/A/Frameworks/HIServices.framework/Versions/A/HIServices
0x00000000049fe000 	/System/Library/Frameworks/ApplicationServices.framework/Versions/A/Frameworks/LangAnalysis.framework/Versions/A/LangAnalysis
0x00000000049fe000 	/System/Library/Frameworks/ApplicationServices.framework/Versions/A/Frameworks/PrintCore.framework/Versions/A/PrintCore
0x00000000049fe000 	/System/Library/Frameworks/ApplicationServices.framework/Versions/A/Frameworks/QD.framework/Versions/A/QD
0x00000000049fe000 	/System/Library/Frameworks/ApplicationServices.framework/Versions/A/Frameworks/SpeechSynthesis.framework/Versions/A/SpeechSynthesis
0x00000000049fe000 	/System/Library/Frameworks/Accelerate.framework/Versions/A/Accelerate
0x00000000049fe000 	/System/Library/Frameworks/Accelerate.framework/Versions/A/Frameworks/vImage.framework/Versions/A/vImage
0x00000000049fe000 	/System/Library/Frameworks/Accelerate.framework/Versions/A/Frameworks/vecLib.framework/Versions/A/vecLib
0x00000000049fe000 	/System/Library/Frameworks/Accelerate.framework/Versions/A/Frameworks/vecLib.framework/Versions/A/libvDSP.dylib
0x00000000049fe000 	/System/Library/Frameworks/Accelerate.framework/Versions/A/Frameworks/vecLib.framework/Versions/A/libvMisc.dylib
0x00000000049fe000 	/System/Library/Frameworks/Accelerate.framework/Versions/A/Frameworks/vecLib.framework/Versions/A/libLAPACK.dylib
0x00000000049fe000 	/System/Library/Frameworks/Accelerate.framework/Versions/A/Frameworks/vecLib.framework/Versions/A/libBLAS.dylib
0x00000000049fe000 	/System/Library/Frameworks/Accelerate.framework/Versions/A/Frameworks/vecLib.framework/Versions/A/libLinearAlgebra.dylib
0x00000000049fe000 	/System/Library/Frameworks/ApplicationServices.framework/Versions/A/Frameworks/ATS.framework/Versions/A/Resources/libFontParser.dylib
0x00000000049fe000 	/System/Library/Frameworks/ApplicationServices.framework/Versions/A/Frameworks/ATS.framework/Versions/A/Resources/libFontRegistry.dylib
0x00000000049fe000 	/System/Library/PrivateFrameworks/AppleVPA.framework/Versions/A/AppleVPA
0x00000000049fe000 	/System/Library/PrivateFrameworks/AppleJPEG.framework/Versions/A/AppleJPEG
0x00000000049fe000 	/System/Library/Frameworks/ImageIO.framework/Versions/A/Resources/libJPEG.dylib
0x00000000049fe000 	/System/Library/Frameworks/ImageIO.framework/Versions/A/Resources/libTIFF.dylib
0x00000000049fe000 	/System/Library/Frameworks/ImageIO.framework/Versions/A/Resources/libPng.dylib
0x00000000049fe000 	/System/Library/Frameworks/ImageIO.framework/Versions/A/Resources/libGIF.dylib
0x00000000049fe000 	/System/Library/Frameworks/ImageIO.framework/Versions/A/Resources/libJP2.dylib
0x00000000049fe000 	/System/Library/Frameworks/ImageIO.framework/Versions/A/Resources/libRadiance.dylib
0x00000000049fe000 	/System/Library/Frameworks/CoreVideo.framework/Versions/A/CoreVideo
0x00000000049fe000 	/System/Library/Frameworks/OpenGL.framework/Versions/A/Libraries/libGLU.dylib
0x00000000049fe000 	/System/Library/Frameworks/OpenGL.framework/Versions/A/Libraries/libGFXShared.dylib
0x00000000049fe000 	/System/Library/Frameworks/OpenGL.framework/Versions/A/Libraries/libGL.dylib
0x00000000049fe000 	/System/Library/Frameworks/OpenGL.framework/Versions/A/Libraries/libGLImage.dylib
0x00000000049fe000 	/System/Library/Frameworks/OpenGL.framework/Versions/A/Libraries/libCVMSPluginSupport.dylib
0x00000000049fe000 	/System/Library/Frameworks/OpenGL.framework/Versions/A/Libraries/libCoreVMClient.dylib
0x00000000049fe000 	/usr/lib/libcups.2.dylib
0x00000000049fe000 	/System/Library/Frameworks/Kerberos.framework/Versions/A/Kerberos
0x00000000049fe000 	/System/Library/Frameworks/GSS.framework/Versions/A/GSS
0x00000000049fe000 	/usr/lib/libresolv.9.dylib
0x00000000049fe000 	/usr/lib/libiconv.2.dylib
0x00000000049fe000 	/System/Library/PrivateFrameworks/Heimdal.framework/Versions/A/Heimdal
0x00000000049fe000 	/usr/lib/libheimdal-asn1.dylib
0x00000000049fe000 	/System/Library/Frameworks/OpenDirectory.framework/Versions/A/OpenDirectory
0x00000000049fe000 	/System/Library/PrivateFrameworks/CommonAuth.framework/Versions/A/CommonAuth
0x00000000049fe000 	/System/Library/Frameworks/OpenDirectory.framework/Versions/A/Frameworks/CFOpenDirectory.framework/Versions/A/CFOpenDirectory
0x00000000049fe000 	/System/Library/Frameworks/SecurityFoundation.framework/Versions/A/SecurityFoundation
0x00000000049fe000 	/System/Library/PrivateFrameworks/LanguageModeling.framework/Versions/A/LanguageModeling
0x00000000049fe000 	/usr/lib/libcmph.dylib
0x00000000049fe000 	/System/Library/Frameworks/ServiceManagement.framework/Versions/A/ServiceManagement
0x00000000049fe000 	/usr/lib/libxslt.1.dylib
0x00000000049fe000 	/System/Library/Frameworks/Carbon.framework/Versions/A/Frameworks/Ink.framework/Versions/A/Ink
0x00000000049fe000 	/System/Library/Frameworks/QuartzCore.framework/Versions/A/Frameworks/CoreImage.framework/Versions/A/CoreImage
0x00000000049fe000 	/System/Library/PrivateFrameworks/CrashReporterSupport.framework/Versions/A/CrashReporterSupport
0x00000000049fe000 	/System/Library/Frameworks/OpenCL.framework/Versions/A/OpenCL
0x00000000049fe000 	/System/Library/PrivateFrameworks/FaceCore.framework/Versions/A/FaceCore
0x00000000049fe000 	/System/Library/PrivateFrameworks/Ubiquity.framework/Versions/A/Ubiquity
0x00000000049fe000 	/System/Library/PrivateFrameworks/IconServices.framework/Versions/A/IconServices
0x00000000049fe000 	/System/Library/PrivateFrameworks/ChunkingLibrary.framework/Versions/A/ChunkingLibrary
0x00000000049fe000 	/System/Library/PrivateFrameworks/Apple80211.framework/Versions/A/Apple80211
0x00000000049fe000 	/System/Library/Frameworks/CoreWLAN.framework/Versions/A/CoreWLAN
0x00000000049fe000 	/System/Library/Frameworks/IOBluetooth.framework/Versions/A/IOBluetooth
0x00000000049fe000 	/System/Library/PrivateFrameworks/CoreWiFi.framework/Versions/A/CoreWiFi
0x00000000049fe000 	/System/Library/Frameworks/CoreBluetooth.framework/Versions/A/CoreBluetooth
0x00000000049fe000 	/System/Library/PrivateFrameworks/DebugSymbols.framework/Versions/A/DebugSymbols
0x00000000049fe000 	/System/Library/PrivateFrameworks/CoreSymbolication.framework/Versions/A/CoreSymbolication
0x00000000049fe000 	/System/Library/PrivateFrameworks/Symbolication.framework/Versions/A/Symbolication
0x00000000049fe000 	/System/Library/PrivateFrameworks/SpeechRecognitionCore.framework/Versions/A/SpeechRecognitionCore
0x0000000103c00000 	/Library/Java/JavaVirtualMachines/jdk1.8.0_40.jdk/Contents/Home/jre/lib/server/libjvm.dylib
0x00000000049fe000 	/usr/lib/libstdc++.6.dylib
0x0000000102b22000 	/Library/Java/JavaVirtualMachines/jdk1.8.0_40.jdk/Contents/Home/jre/lib/libverify.dylib
0x0000000102b30000 	/Library/Java/JavaVirtualMachines/jdk1.8.0_40.jdk/Contents/Home/jre/lib/libjava.dylib
0x0000000102b6f000 	/Library/Java/JavaVirtualMachines/jdk1.8.0_40.jdk/Contents/Home/jre/lib/libzip.dylib
0x000000011bcc4000 	/System/Library/Frameworks/JavaVM.framework/Frameworks/JavaRuntimeSupport.framework/JavaRuntimeSupport
0x000000011bcda000 	/System/Library/Frameworks/JavaVM.framework/Versions/A/Frameworks/JavaNativeFoundation.framework/Versions/A/JavaNativeFoundation
0x000000011bcee000 	/System/Library/Frameworks/JavaVM.framework/Versions/A/JavaVM
0x00000000049fe000 	/System/Library/Frameworks/Carbon.framework/Versions/A/Carbon
0x000000011bcfa000 	/System/Library/PrivateFrameworks/JavaLaunching.framework/Versions/A/JavaLaunching
0x00000000049fe000 	/System/Library/Frameworks/Carbon.framework/Versions/A/Frameworks/CommonPanels.framework/Versions/A/CommonPanels
0x00000000049fe000 	/System/Library/Frameworks/Carbon.framework/Versions/A/Frameworks/Help.framework/Versions/A/Help
0x00000000049fe000 	/System/Library/Frameworks/Carbon.framework/Versions/A/Frameworks/ImageCapture.framework/Versions/A/ImageCapture
0x00000000049fe000 	/System/Library/Frameworks/Carbon.framework/Versions/A/Frameworks/OpenScripting.framework/Versions/A/OpenScripting
0x00000000049fe000 	/System/Library/Frameworks/Carbon.framework/Versions/A/Frameworks/Print.framework/Versions/A/Print
0x00000000049fe000 	/System/Library/Frameworks/Carbon.framework/Versions/A/Frameworks/SecurityHI.framework/Versions/A/SecurityHI
0x000000011de90000 	/Library/Java/JavaVirtualMachines/jdk1.8.0_40.jdk/Contents/Home/jre/lib/libprism_es2.dylib
0x00000000049fe000 	/System/Library/Frameworks/OpenGL.framework/Versions/A/Resources/GLEngine.bundle/GLEngine
0x00000000049fe000 	/System/Library/Frameworks/OpenGL.framework/Versions/A/Libraries/libGLProgrammability.dylib
0x0000000000000000 	/System/Library/Extensions/AppleIntelHD5000GraphicsGLDriver.bundle/Contents/MacOS/AppleIntelHD5000GraphicsGLDriver
0x00000000049fe000 	/System/Library/PrivateFrameworks/IOAccelerator.framework/Versions/A/IOAccelerator
0x00000000049fe000 	/System/Library/PrivateFrameworks/GPUSupport.framework/Versions/A/Libraries/libGPUSupportMercury.dylib
0x00000000049fe000 	/System/Library/Frameworks/OpenGL.framework/Versions/A/Resources/GLRendererFloat.bundle/GLRendererFloat
0x00000000049fe000 	/System/Library/Frameworks/OpenCL.framework/Versions/A/Libraries/libcldcpuengine.dylib
0x00000000049fe000 	/System/Library/PrivateFrameworks/DiskImages.framework/Versions/A/DiskImages
0x00000000049fe000 	/System/Library/Frameworks/DiscRecording.framework/Versions/A/DiscRecording
0x00000000049fe000 	/usr/lib/libcsfde.dylib
0x00000000049fe000 	/usr/lib/libcurl.4.dylib
0x00000000049fe000 	/System/Library/PrivateFrameworks/MediaKit.framework/Versions/A/MediaKit
0x00000000049fe000 	/System/Library/PrivateFrameworks/ProtectedCloudStorage.framework/Versions/A/ProtectedCloudStorage
0x00000000049fe000 	/usr/lib/libCoreStorage.dylib
0x00000000049fe000 	/System/Library/PrivateFrameworks/EFILogin.framework/Versions/A/EFILogin
0x00000000049fe000 	/usr/lib/libutil.dylib
0x00000000049fe000 	/System/Library/PrivateFrameworks/FindMyDevice.framework/Versions/A/FindMyDevice
0x00000000049fe000 	/System/Library/Frameworks/LDAP.framework/Versions/A/LDAP
0x00000000049fe000 	/usr/lib/libsasl2.2.dylib
0x00000000049fe000 	/System/Library/PrivateFrameworks/CoreDaemon.framework/Versions/B/CoreDaemon
0x00000000049fe000 	/usr/lib/libcrypto.0.9.8.dylib
0x00000000049fe000 	/System/Library/PrivateFrameworks/AppleSRP.framework/Versions/A/AppleSRP
0x00000000049fe000 	/System/Library/PrivateFrameworks/TrustEvaluationAgent.framework/Versions/A/TrustEvaluationAgent
0x000000011e341000 	/Library/Java/JavaVirtualMachines/jdk1.8.0_40.jdk/Contents/Home/jre/lib/libglass.dylib
0x00000000049fe000 	/System/Library/PrivateFrameworks/CoreServicesInternal.framework/Versions/A/CoreServicesInternal
0x00000000049fe000 	/System/Library/PrivateFrameworks/CloudDocs.framework/Versions/A/CloudDocs
0x00000000049fe000 	/System/Library/PrivateFrameworks/CoreDuet.framework/Versions/A/CoreDuet
0x00000000049fe000 	/System/Library/Frameworks/CloudKit.framework/Versions/A/CloudKit
0x00000000049fe000 	/System/Library/PrivateFrameworks/ProtocolBuffer.framework/Versions/A/ProtocolBuffer
0x00000000049fe000 	/System/Library/PrivateFrameworks/CoreDuetDaemonProtocol.framework/Versions/A/CoreDuetDaemonProtocol
0x00000000049fe000 	/System/Library/PrivateFrameworks/CoreDuetDebugLogging.framework/Versions/A/CoreDuetDebugLogging
0x00000000049fe000 	/System/Library/PrivateFrameworks/MMCS.framework/Versions/A/MMCS
0x00000000049fe000 	/System/Library/Frameworks/CoreLocation.framework/Versions/A/CoreLocation
0x00000000049fe000 	/System/Library/PrivateFrameworks/GeoServices.framework/Versions/A/GeoServices
0x00000000049fe000 	/System/Library/Frameworks/CoreGraphics.framework/Versions/A/Resources/libCGCMS.A.dylib
0x00000000049fe000 	/System/Library/CoreServices/RawCamera.bundle/Contents/MacOS/RawCamera
0x00000000049fe000 	/System/Library/Frameworks/CoreGraphics.framework/Versions/A/Resources/libRIP.A.dylib
0x00000000049fe000 	/System/Library/PrivateFrameworks/FamilyControls.framework/Versions/A/FamilyControls
0x00000000049fe000 	/System/Library/PrivateFrameworks/CommerceKit.framework/Versions/A/Frameworks/CommerceCore.framework/Versions/A/CommerceCore
0x00000000049fe000 	/System/Library/PrivateFrameworks/SystemAdministration.framework/Versions/A/SystemAdministration
0x00000000049fe000 	/System/Library/PrivateFrameworks/AppContainer.framework/Versions/A/AppContainer
0x00000000049fe000 	/System/Library/PrivateFrameworks/SecCodeWrapper.framework/Versions/A/SecCodeWrapper
0x00000000049fe000 	/System/Library/Frameworks/DirectoryService.framework/Versions/A/DirectoryService
0x00000000049fe000 	/System/Library/PrivateFrameworks/LoginUIKit.framework/Versions/A/Frameworks/LoginUICore.framework/Versions/A/LoginUICore
0x00000000049fe000 	/usr/lib/libodfde.dylib
0x0000000121fa7000 	/Library/Java/JavaVirtualMachines/jdk1.8.0_40.jdk/Contents/Home/jre/lib/libjavafx_font.dylib
0x00000000049fe000 	/System/Library/Frameworks/CoreGraphics.framework/Versions/A/Resources/libCGXType.A.dylib
0x00000001227a3000 	/Library/Java/JavaVirtualMachines/jdk1.8.0_40.jdk/Contents/Home/jre/lib/libnet.dylib
0x0000000124934000 	/Library/Java/JavaVirtualMachines/jdk1.8.0_40.jdk/Contents/Home/jre/lib/libprism_common.dylib
0x00000001255d2000 	cl_kernels
0x0000000125c9d000 	/System/Library/Frameworks/OpenCL.framework/Versions/A/Libraries/ImageFormats/unorm8_bgra.dylib
0x0000000125fd1000 	cl_kernels

VM Arguments:
jvm_args: -Dfile.encoding=UTF-8 
java_command: /Users/DavidPuga/Downloads/ArquiSinPedinche/InterfazGatoSingleChafa/dist/run1203394720/InterfazGatoSingleChafa.jar
java_class_path (initial): /Users/DavidPuga/Downloads/ArquiSinPedinche/InterfazGatoSingleChafa/dist/run1203394720/InterfazGatoSingleChafa.jar
Launcher Type: SUN_STANDARD

Environment Variables:
PATH=/usr/bin:/bin:/usr/sbin:/sbin
LD_LIBRARY_PATH=/Library/Java/JavaVirtualMachines/jdk1.8.0_40.jdk/Contents/Home/jre/lib/amd64:/Library/Java/JavaVirtualMachines/jdk1.8.0_40.jdk/Contents/Home/jre/lib/i386:
SHELL=/bin/bash
DYLD_LIBRARY_PATH=/Applications/NetBeans/NetBeans 8.0.2.app/Contents/Resources/NetBeans/webcommon/bin:

Signal Handlers:
SIGSEGV: [libjvm.dylib+0x58ef95], sa_mask[0]=11111111011111110111111111111111, sa_flags=SA_ONSTACK|SA_RESTART|SA_SIGINFO
SIGBUS: [libjvm.dylib+0x58ef95], sa_mask[0]=11111111011111110111111111111111, sa_flags=SA_RESTART|SA_SIGINFO
SIGFPE: [libjvm.dylib+0x46c118], sa_mask[0]=11111111011111110111111111111111, sa_flags=SA_RESTART|SA_SIGINFO
SIGPIPE: [libjvm.dylib+0x46c118], sa_mask[0]=11111111011111110111111111111111, sa_flags=SA_RESTART|SA_SIGINFO
SIGXFSZ: [libjvm.dylib+0x46c118], sa_mask[0]=11111111011111110111111111111111, sa_flags=SA_RESTART|SA_SIGINFO
SIGILL: [libjvm.dylib+0x46c118], sa_mask[0]=11111111011111110111111111111111, sa_flags=SA_RESTART|SA_SIGINFO
SIGUSR1: SIG_DFL, sa_mask[0]=00000000000000000000000000000000, sa_flags=none
SIGUSR2: [libjvm.dylib+0x46bc36], sa_mask[0]=00100000000000000000000000000000, sa_flags=SA_RESTART|SA_SIGINFO
SIGHUP: [libjvm.dylib+0x46a209], sa_mask[0]=11111111011111110111111111111111, sa_flags=SA_RESTART|SA_SIGINFO
SIGINT: SIG_IGN, sa_mask[0]=00000000000000000000000000000000, sa_flags=none
SIGTERM: [libjvm.dylib+0x46a209], sa_mask[0]=11111111011111110111111111111111, sa_flags=SA_RESTART|SA_SIGINFO
SIGQUIT: [libjvm.dylib+0x46a209], sa_mask[0]=11111111011111110111111111111111, sa_flags=SA_RESTART|SA_SIGINFO


---------------  S Y S T E M  ---------------

OS:Bsduname:Darwin 14.3.0 Darwin Kernel Version 14.3.0: Mon Mar 23 11:59:05 PDT 2015; root:xnu-2782.20.48~5/RELEASE_X86_64 x86_64
rlimit: STACK 8192k, CORE 0k, NPROC 709, NOFILE 10240, AS infinity
load average:2.78 2.84 2.71

CPU:total 8 (4 cores per cpu, 2 threads per core) family 6 model 70 stepping 1, cmov, cx8, fxsr, mmx, sse, sse2, sse3, ssse3, sse4.1, sse4.2, popcnt, avx, avx2, aes, clmul, erms, lzcnt, ht, tsc, tscinvbit, bmi1, bmi2

Memory: 4k page, physical 8388608k(86384k free)

/proc/meminfo:


vm_info: Java HotSpot(TM) 64-Bit Server VM (25.40-b25) for bsd-amd64 JRE (1.8.0_40-b27), built on Mar 13 2015 04:46:52 by "java_re" with gcc 4.2.1 (Based on Apple Inc. build 5658) (LLVM build 2336.11.00)

time: Sun May  3 22:17:58 2015
elapsed time: 152 seconds (0d 0h 2m 32s)

